[2022-12-07 15:28:16] local.ERROR: Please provide a valid cache path. {"exception":"[object] (InvalidArgumentException(code: 0): Please provide a valid cache path. at D:\\PROGRAMAS\\xampp7\\htdocs\\POS LARAVEL TEXVN\\puntodeventacurso\\vendor\\laravel\\framework\\src\\Illuminate\\View\\Compilers\\Compiler.php:36)
[stacktrace]
#0 D:\\PROGRAMAS\\xampp7\\htdocs\\POS LARAVEL TEXVN\\puntodeventacurso\\vendor\\laravel\\framework\\src\\Illuminate\\View\\ViewServiceProvider.php(91): Illuminate\\View\\Compilers\\Compiler->__construct(Object(Illuminate\\Filesystem\\Filesystem), false)
#1 D:\\PROGRAMAS\\xampp7\\htdocs\\POS LARAVEL TEXVN\\puntodeventacurso\\vendor\\laravel\\framework\\src\\Illuminate\\Container\\Container.php(805): Illuminate\\View\\ViewServiceProvider->Illuminate\\View\\{closure}(Object(Illuminate\\Foundation\\Application), Array)
#2 D:\\PROGRAMAS\\xampp7\\htdocs\\POS LARAVEL TEXVN\\puntodeventacurso\\vendor\\laravel\\framework\\src\\Illuminate\\Container\\Container.php(691): Illuminate\\Container\\Container->build(Object(Closure))
#3 D:\\PROGRAMAS\\xampp7\\htdocs\\POS LARAVEL TEXVN\\puntodeventacurso\\vendor\\laravel\\framework\\src\\Illuminate\\Foundation\\Application.php(796): Illuminate\\Container\\Container->resolve('blade.compiler', Array, true)
#4 D:\\PROGRAMAS\\xampp7\\htdocs\\POS LARAVEL TEXVN\\puntodeventacurso\\vendor\\laravel\\framework\\src\\Illuminate\\Container\\Container.php(637): Illuminate\\Foundation\\Application->resolve('blade.compiler', Array)
#5 D:\\PROGRAMAS\\xampp7\\htdocs\\POS LARAVEL TEXVN\\puntodeventacurso\\vendor\\laravel\\framework\\src\\Illuminate\\Foundation\\Application.php(781): Illuminate\\Container\\Container->make('blade.compiler', Array)
#6 D:\\PROGRAMAS\\xampp7\\htdocs\\POS LARAVEL TEXVN\\puntodeventacurso\\vendor\\laravel\\framework\\src\\Illuminate\\Container\\Container.php(1283): Illuminate\\Foundation\\Application->make('blade.compiler')
#7 D:\\PROGRAMAS\\xampp7\\htdocs\\POS LARAVEL TEXVN\\puntodeventacurso\\vendor\\laravel\\framework\\src\\Illuminate\\View\\ViewServiceProvider.php(151): Illuminate\\Container\\Container->offsetGet('blade.compiler')
#8 [internal function]: Illuminate\\View\\ViewServiceProvider->Illuminate\\View\\{closure}()
#9 D:\\PROGRAMAS\\xampp7\\htdocs\\POS LARAVEL TEXVN\\puntodeventacurso\\vendor\\laravel\\framework\\src\\Illuminate\\View\\Engines\\EngineResolver.php(55): call_user_func(Object(Closure))
#10 D:\\PROGRAMAS\\xampp7\\htdocs\\POS LARAVEL TEXVN\\puntodeventacurso\\vendor\\facade\\ignition\\src\\IgnitionServiceProvider.php(389): Illuminate\\View\\Engines\\EngineResolver->resolve('blade')
#11 D:\\PROGRAMAS\\xampp7\\htdocs\\POS LARAVEL TEXVN\\puntodeventacurso\\vendor\\facade\\ignition\\src\\IgnitionServiceProvider.php(125): Facade\\Ignition\\IgnitionServiceProvider->hasCustomViewEnginesRegistered()
#12 D:\\PROGRAMAS\\xampp7\\htdocs\\POS LARAVEL TEXVN\\puntodeventacurso\\vendor\\facade\\ignition\\src\\IgnitionServiceProvider.php(84): Facade\\Ignition\\IgnitionServiceProvider->registerViewEngines()
#13 D:\\PROGRAMAS\\xampp7\\htdocs\\POS LARAVEL TEXVN\\puntodeventacurso\\vendor\\laravel\\framework\\src\\Illuminate\\Container\\BoundMethod.php(36): Facade\\Ignition\\IgnitionServiceProvider->boot()
#14 D:\\PROGRAMAS\\xampp7\\htdocs\\POS LARAVEL TEXVN\\puntodeventacurso\\vendor\\laravel\\framework\\src\\Illuminate\\Container\\Util.php(37): Illuminate\\Container\\BoundMethod::Illuminate\\Container\\{closure}()
#15 D:\\PROGRAMAS\\xampp7\\htdocs\\POS LARAVEL TEXVN\\puntodeventacurso\\vendor\\laravel\\framework\\src\\Illuminate\\Container\\BoundMethod.php(93): Illuminate\\Container\\Util::unwrapIfClosure(Object(Closure))
#16 D:\\PROGRAMAS\\xampp7\\htdocs\\POS LARAVEL TEXVN\\puntodeventacurso\\vendor\\laravel\\framework\\src\\Illuminate\\Container\\BoundMethod.php(37): Illuminate\\Container\\BoundMethod::callBoundMethod(Object(Illuminate\\Foundation\\Application), Array, Object(Closure))
#17 D:\\PROGRAMAS\\xampp7\\htdocs\\POS LARAVEL TEXVN\\puntodeventacurso\\vendor\\laravel\\framework\\src\\Illuminate\\Container\\Container.php(596): Illuminate\\Container\\BoundMethod::call(Object(Illuminate\\Foundation\\Application), Array, Array, NULL)
#18 D:\\PROGRAMAS\\xampp7\\htdocs\\POS LARAVEL TEXVN\\puntodeventacurso\\vendor\\laravel\\framework\\src\\Illuminate\\Foundation\\Application.php(867): Illuminate\\Container\\Container->call(Array)
#19 D:\\PROGRAMAS\\xampp7\\htdocs\\POS LARAVEL TEXVN\\puntodeventacurso\\vendor\\laravel\\framework\\src\\Illuminate\\Foundation\\Application.php(850): Illuminate\\Foundation\\Application->bootProvider(Object(Facade\\Ignition\\IgnitionServiceProvider))
#20 [internal function]: Illuminate\\Foundation\\Application->Illuminate\\Foundation\\{closure}(Object(Facade\\Ignition\\IgnitionServiceProvider), 14)
#21 D:\\PROGRAMAS\\xampp7\\htdocs\\POS LARAVEL TEXVN\\puntodeventacurso\\vendor\\laravel\\framework\\src\\Illuminate\\Foundation\\Application.php(851): array_walk(Array, Object(Closure))
#22 D:\\PROGRAMAS\\xampp7\\htdocs\\POS LARAVEL TEXVN\\puntodeventacurso\\vendor\\laravel\\framework\\src\\Illuminate\\Foundation\\Bootstrap\\BootProviders.php(17): Illuminate\\Foundation\\Application->boot()
#23 D:\\PROGRAMAS\\xampp7\\htdocs\\POS LARAVEL TEXVN\\puntodeventacurso\\vendor\\laravel\\framework\\src\\Illuminate\\Foundation\\Application.php(230): Illuminate\\Foundation\\Bootstrap\\BootProviders->bootstrap(Object(Illuminate\\Foundation\\Application))
#24 D:\\PROGRAMAS\\xampp7\\htdocs\\POS LARAVEL TEXVN\\puntodeventacurso\\vendor\\laravel\\framework\\src\\Illuminate\\Foundation\\Console\\Kernel.php(310): Illuminate\\Foundation\\Application->bootstrapWith(Array)
#25 D:\\PROGRAMAS\\xampp7\\htdocs\\POS LARAVEL TEXVN\\puntodeventacurso\\vendor\\laravel\\framework\\src\\Illuminate\\Foundation\\Console\\Kernel.php(127): Illuminate\\Foundation\\Console\\Kernel->bootstrap()
#26 D:\\PROGRAMAS\\xampp7\\htdocs\\POS LARAVEL TEXVN\\puntodeventacurso\\artisan(37): Illuminate\\Foundation\\Console\\Kernel->handle(Object(Symfony\\Component\\Console\\Input\\ArgvInput), Object(Symfony\\Component\\Console\\Output\\ConsoleOutput))
#27 {main}
"} 
[2022-12-07 15:29:42] local.ERROR: Please provide a valid cache path. {"exception":"[object] (InvalidArgumentException(code: 0): Please provide a valid cache path. at D:\\PROGRAMAS\\xampp7\\htdocs\\POS LARAVEL TEXVN\\puntodeventacurso\\vendor\\laravel\\framework\\src\\Illuminate\\View\\Compilers\\Compiler.php:36)
[stacktrace]
#0 D:\\PROGRAMAS\\xampp7\\htdocs\\POS LARAVEL TEXVN\\puntodeventacurso\\vendor\\laravel\\framework\\src\\Illuminate\\View\\ViewServiceProvider.php(91): Illuminate\\View\\Compilers\\Compiler->__construct(Object(Illuminate\\Filesystem\\Filesystem), false)
#1 D:\\PROGRAMAS\\xampp7\\htdocs\\POS LARAVEL TEXVN\\puntodeventacurso\\vendor\\laravel\\framework\\src\\Illuminate\\Container\\Container.php(805): Illuminate\\View\\ViewServiceProvider->Illuminate\\View\\{closure}(Object(Illuminate\\Foundation\\Application), Array)
#2 D:\\PROGRAMAS\\xampp7\\htdocs\\POS LARAVEL TEXVN\\puntodeventacurso\\vendor\\laravel\\framework\\src\\Illuminate\\Container\\Container.php(691): Illuminate\\Container\\Container->build(Object(Closure))
#3 D:\\PROGRAMAS\\xampp7\\htdocs\\POS LARAVEL TEXVN\\puntodeventacurso\\vendor\\laravel\\framework\\src\\Illuminate\\Foundation\\Application.php(796): Illuminate\\Container\\Container->resolve('blade.compiler', Array, true)
#4 D:\\PROGRAMAS\\xampp7\\htdocs\\POS LARAVEL TEXVN\\puntodeventacurso\\vendor\\laravel\\framework\\src\\Illuminate\\Container\\Container.php(637): Illuminate\\Foundation\\Application->resolve('blade.compiler', Array)
#5 D:\\PROGRAMAS\\xampp7\\htdocs\\POS LARAVEL TEXVN\\puntodeventacurso\\vendor\\laravel\\framework\\src\\Illuminate\\Foundation\\Application.php(781): Illuminate\\Container\\Container->make('blade.compiler', Array)
#6 D:\\PROGRAMAS\\xampp7\\htdocs\\POS LARAVEL TEXVN\\puntodeventacurso\\vendor\\laravel\\framework\\src\\Illuminate\\Container\\Container.php(1283): Illuminate\\Foundation\\Application->make('blade.compiler')
#7 D:\\PROGRAMAS\\xampp7\\htdocs\\POS LARAVEL TEXVN\\puntodeventacurso\\vendor\\laravel\\framework\\src\\Illuminate\\View\\ViewServiceProvider.php(151): Illuminate\\Container\\Container->offsetGet('blade.compiler')
#8 [internal function]: Illuminate\\View\\ViewServiceProvider->Illuminate\\View\\{closure}()
#9 D:\\PROGRAMAS\\xampp7\\htdocs\\POS LARAVEL TEXVN\\puntodeventacurso\\vendor\\laravel\\framework\\src\\Illuminate\\View\\Engines\\EngineResolver.php(55): call_user_func(Object(Closure))
#10 D:\\PROGRAMAS\\xampp7\\htdocs\\POS LARAVEL TEXVN\\puntodeventacurso\\vendor\\facade\\ignition\\src\\IgnitionServiceProvider.php(389): Illuminate\\View\\Engines\\EngineResolver->resolve('blade')
#11 D:\\PROGRAMAS\\xampp7\\htdocs\\POS LARAVEL TEXVN\\puntodeventacurso\\vendor\\facade\\ignition\\src\\IgnitionServiceProvider.php(125): Facade\\Ignition\\IgnitionServiceProvider->hasCustomViewEnginesRegistered()
#12 D:\\PROGRAMAS\\xampp7\\htdocs\\POS LARAVEL TEXVN\\puntodeventacurso\\vendor\\facade\\ignition\\src\\IgnitionServiceProvider.php(84): Facade\\Ignition\\IgnitionServiceProvider->registerViewEngines()
#13 D:\\PROGRAMAS\\xampp7\\htdocs\\POS LARAVEL TEXVN\\puntodeventacurso\\vendor\\laravel\\framework\\src\\Illuminate\\Container\\BoundMethod.php(36): Facade\\Ignition\\IgnitionServiceProvider->boot()
#14 D:\\PROGRAMAS\\xampp7\\htdocs\\POS LARAVEL TEXVN\\puntodeventacurso\\vendor\\laravel\\framework\\src\\Illuminate\\Container\\Util.php(37): Illuminate\\Container\\BoundMethod::Illuminate\\Container\\{closure}()
#15 D:\\PROGRAMAS\\xampp7\\htdocs\\POS LARAVEL TEXVN\\puntodeventacurso\\vendor\\laravel\\framework\\src\\Illuminate\\Container\\BoundMethod.php(93): Illuminate\\Container\\Util::unwrapIfClosure(Object(Closure))
#16 D:\\PROGRAMAS\\xampp7\\htdocs\\POS LARAVEL TEXVN\\puntodeventacurso\\vendor\\laravel\\framework\\src\\Illuminate\\Container\\BoundMethod.php(37): Illuminate\\Container\\BoundMethod::callBoundMethod(Object(Illuminate\\Foundation\\Application), Array, Object(Closure))
#17 D:\\PROGRAMAS\\xampp7\\htdocs\\POS LARAVEL TEXVN\\puntodeventacurso\\vendor\\laravel\\framework\\src\\Illuminate\\Container\\Container.php(596): Illuminate\\Container\\BoundMethod::call(Object(Illuminate\\Foundation\\Application), Array, Array, NULL)
#18 D:\\PROGRAMAS\\xampp7\\htdocs\\POS LARAVEL TEXVN\\puntodeventacurso\\vendor\\laravel\\framework\\src\\Illuminate\\Foundation\\Application.php(867): Illuminate\\Container\\Container->call(Array)
#19 D:\\PROGRAMAS\\xampp7\\htdocs\\POS LARAVEL TEXVN\\puntodeventacurso\\vendor\\laravel\\framework\\src\\Illuminate\\Foundation\\Application.php(850): Illuminate\\Foundation\\Application->bootProvider(Object(Facade\\Ignition\\IgnitionServiceProvider))
#20 [internal function]: Illuminate\\Foundation\\Application->Illuminate\\Foundation\\{closure}(Object(Facade\\Ignition\\IgnitionServiceProvider), 14)
#21 D:\\PROGRAMAS\\xampp7\\htdocs\\POS LARAVEL TEXVN\\puntodeventacurso\\vendor\\laravel\\framework\\src\\Illuminate\\Foundation\\Application.php(851): array_walk(Array, Object(Closure))
#22 D:\\PROGRAMAS\\xampp7\\htdocs\\POS LARAVEL TEXVN\\puntodeventacurso\\vendor\\laravel\\framework\\src\\Illuminate\\Foundation\\Bootstrap\\BootProviders.php(17): Illuminate\\Foundation\\Application->boot()
#23 D:\\PROGRAMAS\\xampp7\\htdocs\\POS LARAVEL TEXVN\\puntodeventacurso\\vendor\\laravel\\framework\\src\\Illuminate\\Foundation\\Application.php(230): Illuminate\\Foundation\\Bootstrap\\BootProviders->bootstrap(Object(Illuminate\\Foundation\\Application))
#24 D:\\PROGRAMAS\\xampp7\\htdocs\\POS LARAVEL TEXVN\\puntodeventacurso\\vendor\\laravel\\framework\\src\\Illuminate\\Foundation\\Console\\Kernel.php(310): Illuminate\\Foundation\\Application->bootstrapWith(Array)
#25 D:\\PROGRAMAS\\xampp7\\htdocs\\POS LARAVEL TEXVN\\puntodeventacurso\\vendor\\laravel\\framework\\src\\Illuminate\\Foundation\\Console\\Kernel.php(127): Illuminate\\Foundation\\Console\\Kernel->bootstrap()
#26 D:\\PROGRAMAS\\xampp7\\htdocs\\POS LARAVEL TEXVN\\puntodeventacurso\\artisan(37): Illuminate\\Foundation\\Console\\Kernel->handle(Object(Symfony\\Component\\Console\\Input\\ArgvInput), Object(Symfony\\Component\\Console\\Output\\ConsoleOutput))
#27 {main}
"} 
[2022-12-07 15:32:18] local.ERROR: Please provide a valid cache path. {"exception":"[object] (InvalidArgumentException(code: 0): Please provide a valid cache path. at D:\\PROGRAMAS\\xampp7\\htdocs\\POS LARAVEL TEXVN\\puntodeventacurso\\vendor\\laravel\\framework\\src\\Illuminate\\View\\Compilers\\Compiler.php:36)
[stacktrace]
#0 D:\\PROGRAMAS\\xampp7\\htdocs\\POS LARAVEL TEXVN\\puntodeventacurso\\vendor\\laravel\\framework\\src\\Illuminate\\View\\ViewServiceProvider.php(91): Illuminate\\View\\Compilers\\Compiler->__construct(Object(Illuminate\\Filesystem\\Filesystem), false)
#1 D:\\PROGRAMAS\\xampp7\\htdocs\\POS LARAVEL TEXVN\\puntodeventacurso\\vendor\\laravel\\framework\\src\\Illuminate\\Container\\Container.php(805): Illuminate\\View\\ViewServiceProvider->Illuminate\\View\\{closure}(Object(Illuminate\\Foundation\\Application), Array)
#2 D:\\PROGRAMAS\\xampp7\\htdocs\\POS LARAVEL TEXVN\\puntodeventacurso\\vendor\\laravel\\framework\\src\\Illuminate\\Container\\Container.php(691): Illuminate\\Container\\Container->build(Object(Closure))
#3 D:\\PROGRAMAS\\xampp7\\htdocs\\POS LARAVEL TEXVN\\puntodeventacurso\\vendor\\laravel\\framework\\src\\Illuminate\\Foundation\\Application.php(796): Illuminate\\Container\\Container->resolve('blade.compiler', Array, true)
#4 D:\\PROGRAMAS\\xampp7\\htdocs\\POS LARAVEL TEXVN\\puntodeventacurso\\vendor\\laravel\\framework\\src\\Illuminate\\Container\\Container.php(637): Illuminate\\Foundation\\Application->resolve('blade.compiler', Array)
#5 D:\\PROGRAMAS\\xampp7\\htdocs\\POS LARAVEL TEXVN\\puntodeventacurso\\vendor\\laravel\\framework\\src\\Illuminate\\Foundation\\Application.php(781): Illuminate\\Container\\Container->make('blade.compiler', Array)
#6 D:\\PROGRAMAS\\xampp7\\htdocs\\POS LARAVEL TEXVN\\puntodeventacurso\\vendor\\laravel\\framework\\src\\Illuminate\\Container\\Container.php(1283): Illuminate\\Foundation\\Application->make('blade.compiler')
#7 D:\\PROGRAMAS\\xampp7\\htdocs\\POS LARAVEL TEXVN\\puntodeventacurso\\vendor\\laravel\\framework\\src\\Illuminate\\View\\ViewServiceProvider.php(151): Illuminate\\Container\\Container->offsetGet('blade.compiler')
#8 [internal function]: Illuminate\\View\\ViewServiceProvider->Illuminate\\View\\{closure}()
#9 D:\\PROGRAMAS\\xampp7\\htdocs\\POS LARAVEL TEXVN\\puntodeventacurso\\vendor\\laravel\\framework\\src\\Illuminate\\View\\Engines\\EngineResolver.php(55): call_user_func(Object(Closure))
#10 D:\\PROGRAMAS\\xampp7\\htdocs\\POS LARAVEL TEXVN\\puntodeventacurso\\vendor\\facade\\ignition\\src\\IgnitionServiceProvider.php(389): Illuminate\\View\\Engines\\EngineResolver->resolve('blade')
#11 D:\\PROGRAMAS\\xampp7\\htdocs\\POS LARAVEL TEXVN\\puntodeventacurso\\vendor\\facade\\ignition\\src\\IgnitionServiceProvider.php(125): Facade\\Ignition\\IgnitionServiceProvider->hasCustomViewEnginesRegistered()
#12 D:\\PROGRAMAS\\xampp7\\htdocs\\POS LARAVEL TEXVN\\puntodeventacurso\\vendor\\facade\\ignition\\src\\IgnitionServiceProvider.php(84): Facade\\Ignition\\IgnitionServiceProvider->registerViewEngines()
#13 D:\\PROGRAMAS\\xampp7\\htdocs\\POS LARAVEL TEXVN\\puntodeventacurso\\vendor\\laravel\\framework\\src\\Illuminate\\Container\\BoundMethod.php(36): Facade\\Ignition\\IgnitionServiceProvider->boot()
#14 D:\\PROGRAMAS\\xampp7\\htdocs\\POS LARAVEL TEXVN\\puntodeventacurso\\vendor\\laravel\\framework\\src\\Illuminate\\Container\\Util.php(37): Illuminate\\Container\\BoundMethod::Illuminate\\Container\\{closure}()
#15 D:\\PROGRAMAS\\xampp7\\htdocs\\POS LARAVEL TEXVN\\puntodeventacurso\\vendor\\laravel\\framework\\src\\Illuminate\\Container\\BoundMethod.php(93): Illuminate\\Container\\Util::unwrapIfClosure(Object(Closure))
#16 D:\\PROGRAMAS\\xampp7\\htdocs\\POS LARAVEL TEXVN\\puntodeventacurso\\vendor\\laravel\\framework\\src\\Illuminate\\Container\\BoundMethod.php(37): Illuminate\\Container\\BoundMethod::callBoundMethod(Object(Illuminate\\Foundation\\Application), Array, Object(Closure))
#17 D:\\PROGRAMAS\\xampp7\\htdocs\\POS LARAVEL TEXVN\\puntodeventacurso\\vendor\\laravel\\framework\\src\\Illuminate\\Container\\Container.php(596): Illuminate\\Container\\BoundMethod::call(Object(Illuminate\\Foundation\\Application), Array, Array, NULL)
#18 D:\\PROGRAMAS\\xampp7\\htdocs\\POS LARAVEL TEXVN\\puntodeventacurso\\vendor\\laravel\\framework\\src\\Illuminate\\Foundation\\Application.php(867): Illuminate\\Container\\Container->call(Array)
#19 D:\\PROGRAMAS\\xampp7\\htdocs\\POS LARAVEL TEXVN\\puntodeventacurso\\vendor\\laravel\\framework\\src\\Illuminate\\Foundation\\Application.php(850): Illuminate\\Foundation\\Application->bootProvider(Object(Facade\\Ignition\\IgnitionServiceProvider))
#20 [internal function]: Illuminate\\Foundation\\Application->Illuminate\\Foundation\\{closure}(Object(Facade\\Ignition\\IgnitionServiceProvider), 14)
#21 D:\\PROGRAMAS\\xampp7\\htdocs\\POS LARAVEL TEXVN\\puntodeventacurso\\vendor\\laravel\\framework\\src\\Illuminate\\Foundation\\Application.php(851): array_walk(Array, Object(Closure))
#22 D:\\PROGRAMAS\\xampp7\\htdocs\\POS LARAVEL TEXVN\\puntodeventacurso\\vendor\\laravel\\framework\\src\\Illuminate\\Foundation\\Bootstrap\\BootProviders.php(17): Illuminate\\Foundation\\Application->boot()
#23 D:\\PROGRAMAS\\xampp7\\htdocs\\POS LARAVEL TEXVN\\puntodeventacurso\\vendor\\laravel\\framework\\src\\Illuminate\\Foundation\\Application.php(230): Illuminate\\Foundation\\Bootstrap\\BootProviders->bootstrap(Object(Illuminate\\Foundation\\Application))
#24 D:\\PROGRAMAS\\xampp7\\htdocs\\POS LARAVEL TEXVN\\puntodeventacurso\\vendor\\laravel\\framework\\src\\Illuminate\\Foundation\\Console\\Kernel.php(310): Illuminate\\Foundation\\Application->bootstrapWith(Array)
#25 D:\\PROGRAMAS\\xampp7\\htdocs\\POS LARAVEL TEXVN\\puntodeventacurso\\vendor\\laravel\\framework\\src\\Illuminate\\Foundation\\Console\\Kernel.php(127): Illuminate\\Foundation\\Console\\Kernel->bootstrap()
#26 D:\\PROGRAMAS\\xampp7\\htdocs\\POS LARAVEL TEXVN\\puntodeventacurso\\artisan(37): Illuminate\\Foundation\\Console\\Kernel->handle(Object(Symfony\\Component\\Console\\Input\\ArgvInput), Object(Symfony\\Component\\Console\\Output\\ConsoleOutput))
#27 {main}
"} 
[2022-12-07 15:32:48] local.ERROR: Please provide a valid cache path. {"exception":"[object] (InvalidArgumentException(code: 0): Please provide a valid cache path. at D:\\PROGRAMAS\\xampp7\\htdocs\\POS LARAVEL TEXVN\\puntodeventacurso\\vendor\\laravel\\framework\\src\\Illuminate\\View\\Compilers\\Compiler.php:36)
[stacktrace]
#0 D:\\PROGRAMAS\\xampp7\\htdocs\\POS LARAVEL TEXVN\\puntodeventacurso\\vendor\\laravel\\framework\\src\\Illuminate\\View\\ViewServiceProvider.php(91): Illuminate\\View\\Compilers\\Compiler->__construct(Object(Illuminate\\Filesystem\\Filesystem), false)
#1 D:\\PROGRAMAS\\xampp7\\htdocs\\POS LARAVEL TEXVN\\puntodeventacurso\\vendor\\laravel\\framework\\src\\Illuminate\\Container\\Container.php(805): Illuminate\\View\\ViewServiceProvider->Illuminate\\View\\{closure}(Object(Illuminate\\Foundation\\Application), Array)
#2 D:\\PROGRAMAS\\xampp7\\htdocs\\POS LARAVEL TEXVN\\puntodeventacurso\\vendor\\laravel\\framework\\src\\Illuminate\\Container\\Container.php(691): Illuminate\\Container\\Container->build(Object(Closure))
#3 D:\\PROGRAMAS\\xampp7\\htdocs\\POS LARAVEL TEXVN\\puntodeventacurso\\vendor\\laravel\\framework\\src\\Illuminate\\Foundation\\Application.php(796): Illuminate\\Container\\Container->resolve('blade.compiler', Array, true)
#4 D:\\PROGRAMAS\\xampp7\\htdocs\\POS LARAVEL TEXVN\\puntodeventacurso\\vendor\\laravel\\framework\\src\\Illuminate\\Container\\Container.php(637): Illuminate\\Foundation\\Application->resolve('blade.compiler', Array)
#5 D:\\PROGRAMAS\\xampp7\\htdocs\\POS LARAVEL TEXVN\\puntodeventacurso\\vendor\\laravel\\framework\\src\\Illuminate\\Foundation\\Application.php(781): Illuminate\\Container\\Container->make('blade.compiler', Array)
#6 D:\\PROGRAMAS\\xampp7\\htdocs\\POS LARAVEL TEXVN\\puntodeventacurso\\vendor\\laravel\\framework\\src\\Illuminate\\Container\\Container.php(1283): Illuminate\\Foundation\\Application->make('blade.compiler')
#7 D:\\PROGRAMAS\\xampp7\\htdocs\\POS LARAVEL TEXVN\\puntodeventacurso\\vendor\\laravel\\framework\\src\\Illuminate\\View\\ViewServiceProvider.php(151): Illuminate\\Container\\Container->offsetGet('blade.compiler')
#8 [internal function]: Illuminate\\View\\ViewServiceProvider->Illuminate\\View\\{closure}()
#9 D:\\PROGRAMAS\\xampp7\\htdocs\\POS LARAVEL TEXVN\\puntodeventacurso\\vendor\\laravel\\framework\\src\\Illuminate\\View\\Engines\\EngineResolver.php(55): call_user_func(Object(Closure))
#10 D:\\PROGRAMAS\\xampp7\\htdocs\\POS LARAVEL TEXVN\\puntodeventacurso\\vendor\\facade\\ignition\\src\\IgnitionServiceProvider.php(389): Illuminate\\View\\Engines\\EngineResolver->resolve('blade')
#11 D:\\PROGRAMAS\\xampp7\\htdocs\\POS LARAVEL TEXVN\\puntodeventacurso\\vendor\\facade\\ignition\\src\\IgnitionServiceProvider.php(125): Facade\\Ignition\\IgnitionServiceProvider->hasCustomViewEnginesRegistered()
#12 D:\\PROGRAMAS\\xampp7\\htdocs\\POS LARAVEL TEXVN\\puntodeventacurso\\vendor\\facade\\ignition\\src\\IgnitionServiceProvider.php(84): Facade\\Ignition\\IgnitionServiceProvider->registerViewEngines()
#13 D:\\PROGRAMAS\\xampp7\\htdocs\\POS LARAVEL TEXVN\\puntodeventacurso\\vendor\\laravel\\framework\\src\\Illuminate\\Container\\BoundMethod.php(36): Facade\\Ignition\\IgnitionServiceProvider->boot()
#14 D:\\PROGRAMAS\\xampp7\\htdocs\\POS LARAVEL TEXVN\\puntodeventacurso\\vendor\\laravel\\framework\\src\\Illuminate\\Container\\Util.php(37): Illuminate\\Container\\BoundMethod::Illuminate\\Container\\{closure}()
#15 D:\\PROGRAMAS\\xampp7\\htdocs\\POS LARAVEL TEXVN\\puntodeventacurso\\vendor\\laravel\\framework\\src\\Illuminate\\Container\\BoundMethod.php(93): Illuminate\\Container\\Util::unwrapIfClosure(Object(Closure))
#16 D:\\PROGRAMAS\\xampp7\\htdocs\\POS LARAVEL TEXVN\\puntodeventacurso\\vendor\\laravel\\framework\\src\\Illuminate\\Container\\BoundMethod.php(37): Illuminate\\Container\\BoundMethod::callBoundMethod(Object(Illuminate\\Foundation\\Application), Array, Object(Closure))
#17 D:\\PROGRAMAS\\xampp7\\htdocs\\POS LARAVEL TEXVN\\puntodeventacurso\\vendor\\laravel\\framework\\src\\Illuminate\\Container\\Container.php(596): Illuminate\\Container\\BoundMethod::call(Object(Illuminate\\Foundation\\Application), Array, Array, NULL)
#18 D:\\PROGRAMAS\\xampp7\\htdocs\\POS LARAVEL TEXVN\\puntodeventacurso\\vendor\\laravel\\framework\\src\\Illuminate\\Foundation\\Application.php(867): Illuminate\\Container\\Container->call(Array)
#19 D:\\PROGRAMAS\\xampp7\\htdocs\\POS LARAVEL TEXVN\\puntodeventacurso\\vendor\\laravel\\framework\\src\\Illuminate\\Foundation\\Application.php(850): Illuminate\\Foundation\\Application->bootProvider(Object(Facade\\Ignition\\IgnitionServiceProvider))
#20 [internal function]: Illuminate\\Foundation\\Application->Illuminate\\Foundation\\{closure}(Object(Facade\\Ignition\\IgnitionServiceProvider), 14)
#21 D:\\PROGRAMAS\\xampp7\\htdocs\\POS LARAVEL TEXVN\\puntodeventacurso\\vendor\\laravel\\framework\\src\\Illuminate\\Foundation\\Application.php(851): array_walk(Array, Object(Closure))
#22 D:\\PROGRAMAS\\xampp7\\htdocs\\POS LARAVEL TEXVN\\puntodeventacurso\\vendor\\laravel\\framework\\src\\Illuminate\\Foundation\\Bootstrap\\BootProviders.php(17): Illuminate\\Foundation\\Application->boot()
#23 D:\\PROGRAMAS\\xampp7\\htdocs\\POS LARAVEL TEXVN\\puntodeventacurso\\vendor\\laravel\\framework\\src\\Illuminate\\Foundation\\Application.php(230): Illuminate\\Foundation\\Bootstrap\\BootProviders->bootstrap(Object(Illuminate\\Foundation\\Application))
#24 D:\\PROGRAMAS\\xampp7\\htdocs\\POS LARAVEL TEXVN\\puntodeventacurso\\vendor\\laravel\\framework\\src\\Illuminate\\Foundation\\Console\\Kernel.php(310): Illuminate\\Foundation\\Application->bootstrapWith(Array)
#25 D:\\PROGRAMAS\\xampp7\\htdocs\\POS LARAVEL TEXVN\\puntodeventacurso\\vendor\\laravel\\framework\\src\\Illuminate\\Foundation\\Console\\Kernel.php(127): Illuminate\\Foundation\\Console\\Kernel->bootstrap()
#26 D:\\PROGRAMAS\\xampp7\\htdocs\\POS LARAVEL TEXVN\\puntodeventacurso\\artisan(37): Illuminate\\Foundation\\Console\\Kernel->handle(Object(Symfony\\Component\\Console\\Input\\ArgvInput), Object(Symfony\\Component\\Console\\Output\\ConsoleOutput))
#27 {main}
"} 
[2022-12-07 15:33:21] local.ERROR: Please provide a valid cache path. {"exception":"[object] (InvalidArgumentException(code: 0): Please provide a valid cache path. at D:\\PROGRAMAS\\xampp7\\htdocs\\POS LARAVEL TEXVN\\puntodeventacurso\\vendor\\laravel\\framework\\src\\Illuminate\\View\\Compilers\\Compiler.php:36)
[stacktrace]
#0 D:\\PROGRAMAS\\xampp7\\htdocs\\POS LARAVEL TEXVN\\puntodeventacurso\\vendor\\laravel\\framework\\src\\Illuminate\\View\\ViewServiceProvider.php(91): Illuminate\\View\\Compilers\\Compiler->__construct(Object(Illuminate\\Filesystem\\Filesystem), false)
#1 D:\\PROGRAMAS\\xampp7\\htdocs\\POS LARAVEL TEXVN\\puntodeventacurso\\vendor\\laravel\\framework\\src\\Illuminate\\Container\\Container.php(805): Illuminate\\View\\ViewServiceProvider->Illuminate\\View\\{closure}(Object(Illuminate\\Foundation\\Application), Array)
#2 D:\\PROGRAMAS\\xampp7\\htdocs\\POS LARAVEL TEXVN\\puntodeventacurso\\vendor\\laravel\\framework\\src\\Illuminate\\Container\\Container.php(691): Illuminate\\Container\\Container->build(Object(Closure))
#3 D:\\PROGRAMAS\\xampp7\\htdocs\\POS LARAVEL TEXVN\\puntodeventacurso\\vendor\\laravel\\framework\\src\\Illuminate\\Foundation\\Application.php(796): Illuminate\\Container\\Container->resolve('blade.compiler', Array, true)
#4 D:\\PROGRAMAS\\xampp7\\htdocs\\POS LARAVEL TEXVN\\puntodeventacurso\\vendor\\laravel\\framework\\src\\Illuminate\\Container\\Container.php(637): Illuminate\\Foundation\\Application->resolve('blade.compiler', Array)
#5 D:\\PROGRAMAS\\xampp7\\htdocs\\POS LARAVEL TEXVN\\puntodeventacurso\\vendor\\laravel\\framework\\src\\Illuminate\\Foundation\\Application.php(781): Illuminate\\Container\\Container->make('blade.compiler', Array)
#6 D:\\PROGRAMAS\\xampp7\\htdocs\\POS LARAVEL TEXVN\\puntodeventacurso\\vendor\\laravel\\framework\\src\\Illuminate\\Container\\Container.php(1283): Illuminate\\Foundation\\Application->make('blade.compiler')
#7 D:\\PROGRAMAS\\xampp7\\htdocs\\POS LARAVEL TEXVN\\puntodeventacurso\\vendor\\laravel\\framework\\src\\Illuminate\\View\\ViewServiceProvider.php(151): Illuminate\\Container\\Container->offsetGet('blade.compiler')
#8 [internal function]: Illuminate\\View\\ViewServiceProvider->Illuminate\\View\\{closure}()
#9 D:\\PROGRAMAS\\xampp7\\htdocs\\POS LARAVEL TEXVN\\puntodeventacurso\\vendor\\laravel\\framework\\src\\Illuminate\\View\\Engines\\EngineResolver.php(55): call_user_func(Object(Closure))
#10 D:\\PROGRAMAS\\xampp7\\htdocs\\POS LARAVEL TEXVN\\puntodeventacurso\\vendor\\facade\\ignition\\src\\IgnitionServiceProvider.php(389): Illuminate\\View\\Engines\\EngineResolver->resolve('blade')
#11 D:\\PROGRAMAS\\xampp7\\htdocs\\POS LARAVEL TEXVN\\puntodeventacurso\\vendor\\facade\\ignition\\src\\IgnitionServiceProvider.php(125): Facade\\Ignition\\IgnitionServiceProvider->hasCustomViewEnginesRegistered()
#12 D:\\PROGRAMAS\\xampp7\\htdocs\\POS LARAVEL TEXVN\\puntodeventacurso\\vendor\\facade\\ignition\\src\\IgnitionServiceProvider.php(84): Facade\\Ignition\\IgnitionServiceProvider->registerViewEngines()
#13 D:\\PROGRAMAS\\xampp7\\htdocs\\POS LARAVEL TEXVN\\puntodeventacurso\\vendor\\laravel\\framework\\src\\Illuminate\\Container\\BoundMethod.php(36): Facade\\Ignition\\IgnitionServiceProvider->boot()
#14 D:\\PROGRAMAS\\xampp7\\htdocs\\POS LARAVEL TEXVN\\puntodeventacurso\\vendor\\laravel\\framework\\src\\Illuminate\\Container\\Util.php(37): Illuminate\\Container\\BoundMethod::Illuminate\\Container\\{closure}()
#15 D:\\PROGRAMAS\\xampp7\\htdocs\\POS LARAVEL TEXVN\\puntodeventacurso\\vendor\\laravel\\framework\\src\\Illuminate\\Container\\BoundMethod.php(93): Illuminate\\Container\\Util::unwrapIfClosure(Object(Closure))
#16 D:\\PROGRAMAS\\xampp7\\htdocs\\POS LARAVEL TEXVN\\puntodeventacurso\\vendor\\laravel\\framework\\src\\Illuminate\\Container\\BoundMethod.php(37): Illuminate\\Container\\BoundMethod::callBoundMethod(Object(Illuminate\\Foundation\\Application), Array, Object(Closure))
#17 D:\\PROGRAMAS\\xampp7\\htdocs\\POS LARAVEL TEXVN\\puntodeventacurso\\vendor\\laravel\\framework\\src\\Illuminate\\Container\\Container.php(596): Illuminate\\Container\\BoundMethod::call(Object(Illuminate\\Foundation\\Application), Array, Array, NULL)
#18 D:\\PROGRAMAS\\xampp7\\htdocs\\POS LARAVEL TEXVN\\puntodeventacurso\\vendor\\laravel\\framework\\src\\Illuminate\\Foundation\\Application.php(867): Illuminate\\Container\\Container->call(Array)
#19 D:\\PROGRAMAS\\xampp7\\htdocs\\POS LARAVEL TEXVN\\puntodeventacurso\\vendor\\laravel\\framework\\src\\Illuminate\\Foundation\\Application.php(850): Illuminate\\Foundation\\Application->bootProvider(Object(Facade\\Ignition\\IgnitionServiceProvider))
#20 [internal function]: Illuminate\\Foundation\\Application->Illuminate\\Foundation\\{closure}(Object(Facade\\Ignition\\IgnitionServiceProvider), 14)
#21 D:\\PROGRAMAS\\xampp7\\htdocs\\POS LARAVEL TEXVN\\puntodeventacurso\\vendor\\laravel\\framework\\src\\Illuminate\\Foundation\\Application.php(851): array_walk(Array, Object(Closure))
#22 D:\\PROGRAMAS\\xampp7\\htdocs\\POS LARAVEL TEXVN\\puntodeventacurso\\vendor\\laravel\\framework\\src\\Illuminate\\Foundation\\Bootstrap\\BootProviders.php(17): Illuminate\\Foundation\\Application->boot()
#23 D:\\PROGRAMAS\\xampp7\\htdocs\\POS LARAVEL TEXVN\\puntodeventacurso\\vendor\\laravel\\framework\\src\\Illuminate\\Foundation\\Application.php(230): Illuminate\\Foundation\\Bootstrap\\BootProviders->bootstrap(Object(Illuminate\\Foundation\\Application))
#24 D:\\PROGRAMAS\\xampp7\\htdocs\\POS LARAVEL TEXVN\\puntodeventacurso\\vendor\\laravel\\framework\\src\\Illuminate\\Foundation\\Console\\Kernel.php(310): Illuminate\\Foundation\\Application->bootstrapWith(Array)
#25 D:\\PROGRAMAS\\xampp7\\htdocs\\POS LARAVEL TEXVN\\puntodeventacurso\\vendor\\laravel\\framework\\src\\Illuminate\\Foundation\\Console\\Kernel.php(127): Illuminate\\Foundation\\Console\\Kernel->bootstrap()
#26 D:\\PROGRAMAS\\xampp7\\htdocs\\POS LARAVEL TEXVN\\puntodeventacurso\\artisan(37): Illuminate\\Foundation\\Console\\Kernel->handle(Object(Symfony\\Component\\Console\\Input\\ArgvInput), Object(Symfony\\Component\\Console\\Output\\ConsoleOutput))
#27 {main}
"} 
[2022-12-07 15:35:45] local.ERROR: Please provide a valid cache path. {"exception":"[object] (InvalidArgumentException(code: 0): Please provide a valid cache path. at D:\\PROGRAMAS\\xampp7\\htdocs\\POS LARAVEL TEXVN\\puntodeventacurso\\vendor\\laravel\\framework\\src\\Illuminate\\View\\Compilers\\Compiler.php:36)
[stacktrace]
#0 D:\\PROGRAMAS\\xampp7\\htdocs\\POS LARAVEL TEXVN\\puntodeventacurso\\vendor\\laravel\\framework\\src\\Illuminate\\View\\ViewServiceProvider.php(91): Illuminate\\View\\Compilers\\Compiler->__construct(Object(Illuminate\\Filesystem\\Filesystem), false)
#1 D:\\PROGRAMAS\\xampp7\\htdocs\\POS LARAVEL TEXVN\\puntodeventacurso\\vendor\\laravel\\framework\\src\\Illuminate\\Container\\Container.php(805): Illuminate\\View\\ViewServiceProvider->Illuminate\\View\\{closure}(Object(Illuminate\\Foundation\\Application), Array)
#2 D:\\PROGRAMAS\\xampp7\\htdocs\\POS LARAVEL TEXVN\\puntodeventacurso\\vendor\\laravel\\framework\\src\\Illuminate\\Container\\Container.php(691): Illuminate\\Container\\Container->build(Object(Closure))
#3 D:\\PROGRAMAS\\xampp7\\htdocs\\POS LARAVEL TEXVN\\puntodeventacurso\\vendor\\laravel\\framework\\src\\Illuminate\\Foundation\\Application.php(796): Illuminate\\Container\\Container->resolve('blade.compiler', Array, true)
#4 D:\\PROGRAMAS\\xampp7\\htdocs\\POS LARAVEL TEXVN\\puntodeventacurso\\vendor\\laravel\\framework\\src\\Illuminate\\Container\\Container.php(637): Illuminate\\Foundation\\Application->resolve('blade.compiler', Array)
#5 D:\\PROGRAMAS\\xampp7\\htdocs\\POS LARAVEL TEXVN\\puntodeventacurso\\vendor\\laravel\\framework\\src\\Illuminate\\Foundation\\Application.php(781): Illuminate\\Container\\Container->make('blade.compiler', Array)
#6 D:\\PROGRAMAS\\xampp7\\htdocs\\POS LARAVEL TEXVN\\puntodeventacurso\\vendor\\laravel\\framework\\src\\Illuminate\\Container\\Container.php(1283): Illuminate\\Foundation\\Application->make('blade.compiler')
#7 D:\\PROGRAMAS\\xampp7\\htdocs\\POS LARAVEL TEXVN\\puntodeventacurso\\vendor\\laravel\\framework\\src\\Illuminate\\View\\ViewServiceProvider.php(151): Illuminate\\Container\\Container->offsetGet('blade.compiler')
#8 [internal function]: Illuminate\\View\\ViewServiceProvider->Illuminate\\View\\{closure}()
#9 D:\\PROGRAMAS\\xampp7\\htdocs\\POS LARAVEL TEXVN\\puntodeventacurso\\vendor\\laravel\\framework\\src\\Illuminate\\View\\Engines\\EngineResolver.php(55): call_user_func(Object(Closure))
#10 D:\\PROGRAMAS\\xampp7\\htdocs\\POS LARAVEL TEXVN\\puntodeventacurso\\vendor\\facade\\ignition\\src\\IgnitionServiceProvider.php(389): Illuminate\\View\\Engines\\EngineResolver->resolve('blade')
#11 D:\\PROGRAMAS\\xampp7\\htdocs\\POS LARAVEL TEXVN\\puntodeventacurso\\vendor\\facade\\ignition\\src\\IgnitionServiceProvider.php(125): Facade\\Ignition\\IgnitionServiceProvider->hasCustomViewEnginesRegistered()
#12 D:\\PROGRAMAS\\xampp7\\htdocs\\POS LARAVEL TEXVN\\puntodeventacurso\\vendor\\facade\\ignition\\src\\IgnitionServiceProvider.php(84): Facade\\Ignition\\IgnitionServiceProvider->registerViewEngines()
#13 D:\\PROGRAMAS\\xampp7\\htdocs\\POS LARAVEL TEXVN\\puntodeventacurso\\vendor\\laravel\\framework\\src\\Illuminate\\Container\\BoundMethod.php(36): Facade\\Ignition\\IgnitionServiceProvider->boot()
#14 D:\\PROGRAMAS\\xampp7\\htdocs\\POS LARAVEL TEXVN\\puntodeventacurso\\vendor\\laravel\\framework\\src\\Illuminate\\Container\\Util.php(37): Illuminate\\Container\\BoundMethod::Illuminate\\Container\\{closure}()
#15 D:\\PROGRAMAS\\xampp7\\htdocs\\POS LARAVEL TEXVN\\puntodeventacurso\\vendor\\laravel\\framework\\src\\Illuminate\\Container\\BoundMethod.php(93): Illuminate\\Container\\Util::unwrapIfClosure(Object(Closure))
#16 D:\\PROGRAMAS\\xampp7\\htdocs\\POS LARAVEL TEXVN\\puntodeventacurso\\vendor\\laravel\\framework\\src\\Illuminate\\Container\\BoundMethod.php(37): Illuminate\\Container\\BoundMethod::callBoundMethod(Object(Illuminate\\Foundation\\Application), Array, Object(Closure))
#17 D:\\PROGRAMAS\\xampp7\\htdocs\\POS LARAVEL TEXVN\\puntodeventacurso\\vendor\\laravel\\framework\\src\\Illuminate\\Container\\Container.php(596): Illuminate\\Container\\BoundMethod::call(Object(Illuminate\\Foundation\\Application), Array, Array, NULL)
#18 D:\\PROGRAMAS\\xampp7\\htdocs\\POS LARAVEL TEXVN\\puntodeventacurso\\vendor\\laravel\\framework\\src\\Illuminate\\Foundation\\Application.php(867): Illuminate\\Container\\Container->call(Array)
#19 D:\\PROGRAMAS\\xampp7\\htdocs\\POS LARAVEL TEXVN\\puntodeventacurso\\vendor\\laravel\\framework\\src\\Illuminate\\Foundation\\Application.php(850): Illuminate\\Foundation\\Application->bootProvider(Object(Facade\\Ignition\\IgnitionServiceProvider))
#20 [internal function]: Illuminate\\Foundation\\Application->Illuminate\\Foundation\\{closure}(Object(Facade\\Ignition\\IgnitionServiceProvider), 14)
#21 D:\\PROGRAMAS\\xampp7\\htdocs\\POS LARAVEL TEXVN\\puntodeventacurso\\vendor\\laravel\\framework\\src\\Illuminate\\Foundation\\Application.php(851): array_walk(Array, Object(Closure))
#22 D:\\PROGRAMAS\\xampp7\\htdocs\\POS LARAVEL TEXVN\\puntodeventacurso\\vendor\\laravel\\framework\\src\\Illuminate\\Foundation\\Bootstrap\\BootProviders.php(17): Illuminate\\Foundation\\Application->boot()
#23 D:\\PROGRAMAS\\xampp7\\htdocs\\POS LARAVEL TEXVN\\puntodeventacurso\\vendor\\laravel\\framework\\src\\Illuminate\\Foundation\\Application.php(230): Illuminate\\Foundation\\Bootstrap\\BootProviders->bootstrap(Object(Illuminate\\Foundation\\Application))
#24 D:\\PROGRAMAS\\xampp7\\htdocs\\POS LARAVEL TEXVN\\puntodeventacurso\\vendor\\laravel\\framework\\src\\Illuminate\\Foundation\\Console\\Kernel.php(310): Illuminate\\Foundation\\Application->bootstrapWith(Array)
#25 D:\\PROGRAMAS\\xampp7\\htdocs\\POS LARAVEL TEXVN\\puntodeventacurso\\vendor\\laravel\\framework\\src\\Illuminate\\Foundation\\Console\\Kernel.php(127): Illuminate\\Foundation\\Console\\Kernel->bootstrap()
#26 D:\\PROGRAMAS\\xampp7\\htdocs\\POS LARAVEL TEXVN\\puntodeventacurso\\artisan(37): Illuminate\\Foundation\\Console\\Kernel->handle(Object(Symfony\\Component\\Console\\Input\\ArgvInput), Object(Symfony\\Component\\Console\\Output\\ConsoleOutput))
#27 {main}
"} 
[2022-12-07 15:38:01] local.ERROR: Please provide a valid cache path. {"exception":"[object] (InvalidArgumentException(code: 0): Please provide a valid cache path. at D:\\PROGRAMAS\\xampp7\\htdocs\\POS LARAVEL TEXVN\\puntodeventacurso\\vendor\\laravel\\framework\\src\\Illuminate\\View\\Compilers\\Compiler.php:36)
[stacktrace]
#0 D:\\PROGRAMAS\\xampp7\\htdocs\\POS LARAVEL TEXVN\\puntodeventacurso\\vendor\\laravel\\framework\\src\\Illuminate\\View\\ViewServiceProvider.php(91): Illuminate\\View\\Compilers\\Compiler->__construct(Object(Illuminate\\Filesystem\\Filesystem), false)
#1 D:\\PROGRAMAS\\xampp7\\htdocs\\POS LARAVEL TEXVN\\puntodeventacurso\\vendor\\laravel\\framework\\src\\Illuminate\\Container\\Container.php(805): Illuminate\\View\\ViewServiceProvider->Illuminate\\View\\{closure}(Object(Illuminate\\Foundation\\Application), Array)
#2 D:\\PROGRAMAS\\xampp7\\htdocs\\POS LARAVEL TEXVN\\puntodeventacurso\\vendor\\laravel\\framework\\src\\Illuminate\\Container\\Container.php(691): Illuminate\\Container\\Container->build(Object(Closure))
#3 D:\\PROGRAMAS\\xampp7\\htdocs\\POS LARAVEL TEXVN\\puntodeventacurso\\vendor\\laravel\\framework\\src\\Illuminate\\Foundation\\Application.php(796): Illuminate\\Container\\Container->resolve('blade.compiler', Array, true)
#4 D:\\PROGRAMAS\\xampp7\\htdocs\\POS LARAVEL TEXVN\\puntodeventacurso\\vendor\\laravel\\framework\\src\\Illuminate\\Container\\Container.php(637): Illuminate\\Foundation\\Application->resolve('blade.compiler', Array)
#5 D:\\PROGRAMAS\\xampp7\\htdocs\\POS LARAVEL TEXVN\\puntodeventacurso\\vendor\\laravel\\framework\\src\\Illuminate\\Foundation\\Application.php(781): Illuminate\\Container\\Container->make('blade.compiler', Array)
#6 D:\\PROGRAMAS\\xampp7\\htdocs\\POS LARAVEL TEXVN\\puntodeventacurso\\vendor\\laravel\\framework\\src\\Illuminate\\Container\\Container.php(1283): Illuminate\\Foundation\\Application->make('blade.compiler')
#7 D:\\PROGRAMAS\\xampp7\\htdocs\\POS LARAVEL TEXVN\\puntodeventacurso\\vendor\\laravel\\framework\\src\\Illuminate\\View\\ViewServiceProvider.php(151): Illuminate\\Container\\Container->offsetGet('blade.compiler')
#8 [internal function]: Illuminate\\View\\ViewServiceProvider->Illuminate\\View\\{closure}()
#9 D:\\PROGRAMAS\\xampp7\\htdocs\\POS LARAVEL TEXVN\\puntodeventacurso\\vendor\\laravel\\framework\\src\\Illuminate\\View\\Engines\\EngineResolver.php(55): call_user_func(Object(Closure))
#10 D:\\PROGRAMAS\\xampp7\\htdocs\\POS LARAVEL TEXVN\\puntodeventacurso\\vendor\\facade\\ignition\\src\\IgnitionServiceProvider.php(389): Illuminate\\View\\Engines\\EngineResolver->resolve('blade')
#11 D:\\PROGRAMAS\\xampp7\\htdocs\\POS LARAVEL TEXVN\\puntodeventacurso\\vendor\\facade\\ignition\\src\\IgnitionServiceProvider.php(125): Facade\\Ignition\\IgnitionServiceProvider->hasCustomViewEnginesRegistered()
#12 D:\\PROGRAMAS\\xampp7\\htdocs\\POS LARAVEL TEXVN\\puntodeventacurso\\vendor\\facade\\ignition\\src\\IgnitionServiceProvider.php(84): Facade\\Ignition\\IgnitionServiceProvider->registerViewEngines()
#13 D:\\PROGRAMAS\\xampp7\\htdocs\\POS LARAVEL TEXVN\\puntodeventacurso\\vendor\\laravel\\framework\\src\\Illuminate\\Container\\BoundMethod.php(36): Facade\\Ignition\\IgnitionServiceProvider->boot()
#14 D:\\PROGRAMAS\\xampp7\\htdocs\\POS LARAVEL TEXVN\\puntodeventacurso\\vendor\\laravel\\framework\\src\\Illuminate\\Container\\Util.php(37): Illuminate\\Container\\BoundMethod::Illuminate\\Container\\{closure}()
#15 D:\\PROGRAMAS\\xampp7\\htdocs\\POS LARAVEL TEXVN\\puntodeventacurso\\vendor\\laravel\\framework\\src\\Illuminate\\Container\\BoundMethod.php(93): Illuminate\\Container\\Util::unwrapIfClosure(Object(Closure))
#16 D:\\PROGRAMAS\\xampp7\\htdocs\\POS LARAVEL TEXVN\\puntodeventacurso\\vendor\\laravel\\framework\\src\\Illuminate\\Container\\BoundMethod.php(37): Illuminate\\Container\\BoundMethod::callBoundMethod(Object(Illuminate\\Foundation\\Application), Array, Object(Closure))
#17 D:\\PROGRAMAS\\xampp7\\htdocs\\POS LARAVEL TEXVN\\puntodeventacurso\\vendor\\laravel\\framework\\src\\Illuminate\\Container\\Container.php(596): Illuminate\\Container\\BoundMethod::call(Object(Illuminate\\Foundation\\Application), Array, Array, NULL)
#18 D:\\PROGRAMAS\\xampp7\\htdocs\\POS LARAVEL TEXVN\\puntodeventacurso\\vendor\\laravel\\framework\\src\\Illuminate\\Foundation\\Application.php(867): Illuminate\\Container\\Container->call(Array)
#19 D:\\PROGRAMAS\\xampp7\\htdocs\\POS LARAVEL TEXVN\\puntodeventacurso\\vendor\\laravel\\framework\\src\\Illuminate\\Foundation\\Application.php(850): Illuminate\\Foundation\\Application->bootProvider(Object(Facade\\Ignition\\IgnitionServiceProvider))
#20 [internal function]: Illuminate\\Foundation\\Application->Illuminate\\Foundation\\{closure}(Object(Facade\\Ignition\\IgnitionServiceProvider), 14)
#21 D:\\PROGRAMAS\\xampp7\\htdocs\\POS LARAVEL TEXVN\\puntodeventacurso\\vendor\\laravel\\framework\\src\\Illuminate\\Foundation\\Application.php(851): array_walk(Array, Object(Closure))
#22 D:\\PROGRAMAS\\xampp7\\htdocs\\POS LARAVEL TEXVN\\puntodeventacurso\\vendor\\laravel\\framework\\src\\Illuminate\\Foundation\\Bootstrap\\BootProviders.php(17): Illuminate\\Foundation\\Application->boot()
#23 D:\\PROGRAMAS\\xampp7\\htdocs\\POS LARAVEL TEXVN\\puntodeventacurso\\vendor\\laravel\\framework\\src\\Illuminate\\Foundation\\Application.php(230): Illuminate\\Foundation\\Bootstrap\\BootProviders->bootstrap(Object(Illuminate\\Foundation\\Application))
#24 D:\\PROGRAMAS\\xampp7\\htdocs\\POS LARAVEL TEXVN\\puntodeventacurso\\vendor\\laravel\\framework\\src\\Illuminate\\Foundation\\Console\\Kernel.php(310): Illuminate\\Foundation\\Application->bootstrapWith(Array)
#25 D:\\PROGRAMAS\\xampp7\\htdocs\\POS LARAVEL TEXVN\\puntodeventacurso\\vendor\\laravel\\framework\\src\\Illuminate\\Foundation\\Console\\Kernel.php(127): Illuminate\\Foundation\\Console\\Kernel->bootstrap()
#26 D:\\PROGRAMAS\\xampp7\\htdocs\\POS LARAVEL TEXVN\\puntodeventacurso\\artisan(37): Illuminate\\Foundation\\Console\\Kernel->handle(Object(Symfony\\Component\\Console\\Input\\ArgvInput), Object(Symfony\\Component\\Console\\Output\\ConsoleOutput))
#27 {main}
"} 
[2022-12-07 15:47:45] local.ERROR: Too many arguments to "make:model" command, expected arguments "name". {"exception":"[object] (Symfony\\Component\\Console\\Exception\\RuntimeException(code: 0): Too many arguments to \"make:model\" command, expected arguments \"name\". at D:\\PROGRAMAS\\xampp7\\htdocs\\POS LARAVEL TEXVN\\puntodeventacurso\\vendor\\symfony\\console\\Input\\ArgvInput.php:193)
[stacktrace]
#0 D:\\PROGRAMAS\\xampp7\\htdocs\\POS LARAVEL TEXVN\\puntodeventacurso\\vendor\\symfony\\console\\Input\\ArgvInput.php(86): Symfony\\Component\\Console\\Input\\ArgvInput->parseArgument('\\xE2\\x80\\x93all')
#1 D:\\PROGRAMAS\\xampp7\\htdocs\\POS LARAVEL TEXVN\\puntodeventacurso\\vendor\\symfony\\console\\Input\\ArgvInput.php(71): Symfony\\Component\\Console\\Input\\ArgvInput->parseToken('\\xE2\\x80\\x93all', true)
#2 D:\\PROGRAMAS\\xampp7\\htdocs\\POS LARAVEL TEXVN\\puntodeventacurso\\vendor\\symfony\\console\\Input\\Input.php(55): Symfony\\Component\\Console\\Input\\ArgvInput->parse()
#3 D:\\PROGRAMAS\\xampp7\\htdocs\\POS LARAVEL TEXVN\\puntodeventacurso\\vendor\\symfony\\console\\Command\\Command.php(257): Symfony\\Component\\Console\\Input\\Input->bind(Object(Symfony\\Component\\Console\\Input\\InputDefinition))
#4 D:\\PROGRAMAS\\xampp7\\htdocs\\POS LARAVEL TEXVN\\puntodeventacurso\\vendor\\laravel\\framework\\src\\Illuminate\\Console\\Command.php(121): Symfony\\Component\\Console\\Command\\Command->run(Object(Symfony\\Component\\Console\\Input\\ArgvInput), Object(Illuminate\\Console\\OutputStyle))
#5 D:\\PROGRAMAS\\xampp7\\htdocs\\POS LARAVEL TEXVN\\puntodeventacurso\\vendor\\symfony\\console\\Application.php(1040): Illuminate\\Console\\Command->run(Object(Symfony\\Component\\Console\\Input\\ArgvInput), Object(Symfony\\Component\\Console\\Output\\ConsoleOutput))
#6 D:\\PROGRAMAS\\xampp7\\htdocs\\POS LARAVEL TEXVN\\puntodeventacurso\\vendor\\symfony\\console\\Application.php(301): Symfony\\Component\\Console\\Application->doRunCommand(Object(Illuminate\\Foundation\\Console\\ModelMakeCommand), Object(Symfony\\Component\\Console\\Input\\ArgvInput), Object(Symfony\\Component\\Console\\Output\\ConsoleOutput))
#7 D:\\PROGRAMAS\\xampp7\\htdocs\\POS LARAVEL TEXVN\\puntodeventacurso\\vendor\\symfony\\console\\Application.php(171): Symfony\\Component\\Console\\Application->doRun(Object(Symfony\\Component\\Console\\Input\\ArgvInput), Object(Symfony\\Component\\Console\\Output\\ConsoleOutput))
#8 D:\\PROGRAMAS\\xampp7\\htdocs\\POS LARAVEL TEXVN\\puntodeventacurso\\vendor\\laravel\\framework\\src\\Illuminate\\Console\\Application.php(93): Symfony\\Component\\Console\\Application->run(Object(Symfony\\Component\\Console\\Input\\ArgvInput), Object(Symfony\\Component\\Console\\Output\\ConsoleOutput))
#9 D:\\PROGRAMAS\\xampp7\\htdocs\\POS LARAVEL TEXVN\\puntodeventacurso\\vendor\\laravel\\framework\\src\\Illuminate\\Foundation\\Console\\Kernel.php(129): Illuminate\\Console\\Application->run(Object(Symfony\\Component\\Console\\Input\\ArgvInput), Object(Symfony\\Component\\Console\\Output\\ConsoleOutput))
#10 D:\\PROGRAMAS\\xampp7\\htdocs\\POS LARAVEL TEXVN\\puntodeventacurso\\artisan(37): Illuminate\\Foundation\\Console\\Kernel->handle(Object(Symfony\\Component\\Console\\Input\\ArgvInput), Object(Symfony\\Component\\Console\\Output\\ConsoleOutput))
#11 {main}
"} 
[2022-12-07 15:47:58] local.ERROR: Too many arguments to "make:model" command, expected arguments "name". {"exception":"[object] (Symfony\\Component\\Console\\Exception\\RuntimeException(code: 0): Too many arguments to \"make:model\" command, expected arguments \"name\". at D:\\PROGRAMAS\\xampp7\\htdocs\\POS LARAVEL TEXVN\\puntodeventacurso\\vendor\\symfony\\console\\Input\\ArgvInput.php:193)
[stacktrace]
#0 D:\\PROGRAMAS\\xampp7\\htdocs\\POS LARAVEL TEXVN\\puntodeventacurso\\vendor\\symfony\\console\\Input\\ArgvInput.php(86): Symfony\\Component\\Console\\Input\\ArgvInput->parseArgument('\\xE2\\x80\\x93-all')
#1 D:\\PROGRAMAS\\xampp7\\htdocs\\POS LARAVEL TEXVN\\puntodeventacurso\\vendor\\symfony\\console\\Input\\ArgvInput.php(71): Symfony\\Component\\Console\\Input\\ArgvInput->parseToken('\\xE2\\x80\\x93-all', true)
#2 D:\\PROGRAMAS\\xampp7\\htdocs\\POS LARAVEL TEXVN\\puntodeventacurso\\vendor\\symfony\\console\\Input\\Input.php(55): Symfony\\Component\\Console\\Input\\ArgvInput->parse()
#3 D:\\PROGRAMAS\\xampp7\\htdocs\\POS LARAVEL TEXVN\\puntodeventacurso\\vendor\\symfony\\console\\Command\\Command.php(257): Symfony\\Component\\Console\\Input\\Input->bind(Object(Symfony\\Component\\Console\\Input\\InputDefinition))
#4 D:\\PROGRAMAS\\xampp7\\htdocs\\POS LARAVEL TEXVN\\puntodeventacurso\\vendor\\laravel\\framework\\src\\Illuminate\\Console\\Command.php(121): Symfony\\Component\\Console\\Command\\Command->run(Object(Symfony\\Component\\Console\\Input\\ArgvInput), Object(Illuminate\\Console\\OutputStyle))
#5 D:\\PROGRAMAS\\xampp7\\htdocs\\POS LARAVEL TEXVN\\puntodeventacurso\\vendor\\symfony\\console\\Application.php(1040): Illuminate\\Console\\Command->run(Object(Symfony\\Component\\Console\\Input\\ArgvInput), Object(Symfony\\Component\\Console\\Output\\ConsoleOutput))
#6 D:\\PROGRAMAS\\xampp7\\htdocs\\POS LARAVEL TEXVN\\puntodeventacurso\\vendor\\symfony\\console\\Application.php(301): Symfony\\Component\\Console\\Application->doRunCommand(Object(Illuminate\\Foundation\\Console\\ModelMakeCommand), Object(Symfony\\Component\\Console\\Input\\ArgvInput), Object(Symfony\\Component\\Console\\Output\\ConsoleOutput))
#7 D:\\PROGRAMAS\\xampp7\\htdocs\\POS LARAVEL TEXVN\\puntodeventacurso\\vendor\\symfony\\console\\Application.php(171): Symfony\\Component\\Console\\Application->doRun(Object(Symfony\\Component\\Console\\Input\\ArgvInput), Object(Symfony\\Component\\Console\\Output\\ConsoleOutput))
#8 D:\\PROGRAMAS\\xampp7\\htdocs\\POS LARAVEL TEXVN\\puntodeventacurso\\vendor\\laravel\\framework\\src\\Illuminate\\Console\\Application.php(93): Symfony\\Component\\Console\\Application->run(Object(Symfony\\Component\\Console\\Input\\ArgvInput), Object(Symfony\\Component\\Console\\Output\\ConsoleOutput))
#9 D:\\PROGRAMAS\\xampp7\\htdocs\\POS LARAVEL TEXVN\\puntodeventacurso\\vendor\\laravel\\framework\\src\\Illuminate\\Foundation\\Console\\Kernel.php(129): Illuminate\\Console\\Application->run(Object(Symfony\\Component\\Console\\Input\\ArgvInput), Object(Symfony\\Component\\Console\\Output\\ConsoleOutput))
#10 D:\\PROGRAMAS\\xampp7\\htdocs\\POS LARAVEL TEXVN\\puntodeventacurso\\artisan(37): Illuminate\\Foundation\\Console\\Kernel->handle(Object(Symfony\\Component\\Console\\Input\\ArgvInput), Object(Symfony\\Component\\Console\\Output\\ConsoleOutput))
#11 {main}
"} 
[2022-12-07 19:08:12] local.ERROR: Call to a member function default() on array {"exception":"[object] (Error(code: 0): Call to a member function default() on array at D:\\PROGRAMAS\\xampp7\\htdocs\\POS LARAVEL TEXVN\\puntodeventacurso\\database\\migrations\\2022_12_07_154851_create_products_table.php:18)
[stacktrace]
#0 D:\\PROGRAMAS\\xampp7\\htdocs\\POS LARAVEL TEXVN\\puntodeventacurso\\vendor\\laravel\\framework\\src\\Illuminate\\Database\\Schema\\Builder.php(166): CreateProductsTable->{closure}(Object(Illuminate\\Database\\Schema\\Blueprint))
#1 D:\\PROGRAMAS\\xampp7\\htdocs\\POS LARAVEL TEXVN\\puntodeventacurso\\vendor\\laravel\\framework\\src\\Illuminate\\Support\\helpers.php(433): Illuminate\\Database\\Schema\\Builder->Illuminate\\Database\\Schema\\{closure}(Object(Illuminate\\Database\\Schema\\Blueprint))
#2 D:\\PROGRAMAS\\xampp7\\htdocs\\POS LARAVEL TEXVN\\puntodeventacurso\\vendor\\laravel\\framework\\src\\Illuminate\\Database\\Schema\\Builder.php(167): tap(Object(Illuminate\\Database\\Schema\\Blueprint), Object(Closure))
#3 D:\\PROGRAMAS\\xampp7\\htdocs\\POS LARAVEL TEXVN\\puntodeventacurso\\vendor\\laravel\\framework\\src\\Illuminate\\Support\\Facades\\Facade.php(261): Illuminate\\Database\\Schema\\Builder->create('products', Object(Closure))
#4 D:\\PROGRAMAS\\xampp7\\htdocs\\POS LARAVEL TEXVN\\puntodeventacurso\\database\\migrations\\2022_12_07_154851_create_products_table.php(24): Illuminate\\Support\\Facades\\Facade::__callStatic('create', Array)
#5 D:\\PROGRAMAS\\xampp7\\htdocs\\POS LARAVEL TEXVN\\puntodeventacurso\\vendor\\laravel\\framework\\src\\Illuminate\\Database\\Migrations\\Migrator.php(392): CreateProductsTable->up()
#6 D:\\PROGRAMAS\\xampp7\\htdocs\\POS LARAVEL TEXVN\\puntodeventacurso\\vendor\\laravel\\framework\\src\\Illuminate\\Database\\Migrations\\Migrator.php(401): Illuminate\\Database\\Migrations\\Migrator->Illuminate\\Database\\Migrations\\{closure}()
#7 D:\\PROGRAMAS\\xampp7\\htdocs\\POS LARAVEL TEXVN\\puntodeventacurso\\vendor\\laravel\\framework\\src\\Illuminate\\Database\\Migrations\\Migrator.php(200): Illuminate\\Database\\Migrations\\Migrator->runMigration(Object(CreateProductsTable), 'up')
#8 D:\\PROGRAMAS\\xampp7\\htdocs\\POS LARAVEL TEXVN\\puntodeventacurso\\vendor\\laravel\\framework\\src\\Illuminate\\Database\\Migrations\\Migrator.php(165): Illuminate\\Database\\Migrations\\Migrator->runUp('D:\\\\PROGRAMAS\\\\xa...', 2, false)
#9 D:\\PROGRAMAS\\xampp7\\htdocs\\POS LARAVEL TEXVN\\puntodeventacurso\\vendor\\laravel\\framework\\src\\Illuminate\\Database\\Migrations\\Migrator.php(110): Illuminate\\Database\\Migrations\\Migrator->runPending(Array, Array)
#10 D:\\PROGRAMAS\\xampp7\\htdocs\\POS LARAVEL TEXVN\\puntodeventacurso\\vendor\\laravel\\framework\\src\\Illuminate\\Database\\Console\\Migrations\\MigrateCommand.php(72): Illuminate\\Database\\Migrations\\Migrator->run(Array, Array)
#11 D:\\PROGRAMAS\\xampp7\\htdocs\\POS LARAVEL TEXVN\\puntodeventacurso\\vendor\\laravel\\framework\\src\\Illuminate\\Database\\Migrations\\Migrator.php(541): Illuminate\\Database\\Console\\Migrations\\MigrateCommand->Illuminate\\Database\\Console\\Migrations\\{closure}()
#12 D:\\PROGRAMAS\\xampp7\\htdocs\\POS LARAVEL TEXVN\\puntodeventacurso\\vendor\\laravel\\framework\\src\\Illuminate\\Database\\Console\\Migrations\\MigrateCommand.php(81): Illuminate\\Database\\Migrations\\Migrator->usingConnection(NULL, Object(Closure))
#13 D:\\PROGRAMAS\\xampp7\\htdocs\\POS LARAVEL TEXVN\\puntodeventacurso\\vendor\\laravel\\framework\\src\\Illuminate\\Container\\BoundMethod.php(36): Illuminate\\Database\\Console\\Migrations\\MigrateCommand->handle()
#14 D:\\PROGRAMAS\\xampp7\\htdocs\\POS LARAVEL TEXVN\\puntodeventacurso\\vendor\\laravel\\framework\\src\\Illuminate\\Container\\Util.php(37): Illuminate\\Container\\BoundMethod::Illuminate\\Container\\{closure}()
#15 D:\\PROGRAMAS\\xampp7\\htdocs\\POS LARAVEL TEXVN\\puntodeventacurso\\vendor\\laravel\\framework\\src\\Illuminate\\Container\\BoundMethod.php(93): Illuminate\\Container\\Util::unwrapIfClosure(Object(Closure))
#16 D:\\PROGRAMAS\\xampp7\\htdocs\\POS LARAVEL TEXVN\\puntodeventacurso\\vendor\\laravel\\framework\\src\\Illuminate\\Container\\BoundMethod.php(37): Illuminate\\Container\\BoundMethod::callBoundMethod(Object(Illuminate\\Foundation\\Application), Array, Object(Closure))
#17 D:\\PROGRAMAS\\xampp7\\htdocs\\POS LARAVEL TEXVN\\puntodeventacurso\\vendor\\laravel\\framework\\src\\Illuminate\\Container\\Container.php(596): Illuminate\\Container\\BoundMethod::call(Object(Illuminate\\Foundation\\Application), Array, Array, NULL)
#18 D:\\PROGRAMAS\\xampp7\\htdocs\\POS LARAVEL TEXVN\\puntodeventacurso\\vendor\\laravel\\framework\\src\\Illuminate\\Console\\Command.php(134): Illuminate\\Container\\Container->call(Array)
#19 D:\\PROGRAMAS\\xampp7\\htdocs\\POS LARAVEL TEXVN\\puntodeventacurso\\vendor\\symfony\\console\\Command\\Command.php(298): Illuminate\\Console\\Command->execute(Object(Symfony\\Component\\Console\\Input\\ArgvInput), Object(Illuminate\\Console\\OutputStyle))
#20 D:\\PROGRAMAS\\xampp7\\htdocs\\POS LARAVEL TEXVN\\puntodeventacurso\\vendor\\laravel\\framework\\src\\Illuminate\\Console\\Command.php(121): Symfony\\Component\\Console\\Command\\Command->run(Object(Symfony\\Component\\Console\\Input\\ArgvInput), Object(Illuminate\\Console\\OutputStyle))
#21 D:\\PROGRAMAS\\xampp7\\htdocs\\POS LARAVEL TEXVN\\puntodeventacurso\\vendor\\symfony\\console\\Application.php(1040): Illuminate\\Console\\Command->run(Object(Symfony\\Component\\Console\\Input\\ArgvInput), Object(Symfony\\Component\\Console\\Output\\ConsoleOutput))
#22 D:\\PROGRAMAS\\xampp7\\htdocs\\POS LARAVEL TEXVN\\puntodeventacurso\\vendor\\symfony\\console\\Application.php(301): Symfony\\Component\\Console\\Application->doRunCommand(Object(Illuminate\\Database\\Console\\Migrations\\MigrateCommand), Object(Symfony\\Component\\Console\\Input\\ArgvInput), Object(Symfony\\Component\\Console\\Output\\ConsoleOutput))
#23 D:\\PROGRAMAS\\xampp7\\htdocs\\POS LARAVEL TEXVN\\puntodeventacurso\\vendor\\symfony\\console\\Application.php(171): Symfony\\Component\\Console\\Application->doRun(Object(Symfony\\Component\\Console\\Input\\ArgvInput), Object(Symfony\\Component\\Console\\Output\\ConsoleOutput))
#24 D:\\PROGRAMAS\\xampp7\\htdocs\\POS LARAVEL TEXVN\\puntodeventacurso\\vendor\\laravel\\framework\\src\\Illuminate\\Console\\Application.php(93): Symfony\\Component\\Console\\Application->run(Object(Symfony\\Component\\Console\\Input\\ArgvInput), Object(Symfony\\Component\\Console\\Output\\ConsoleOutput))
#25 D:\\PROGRAMAS\\xampp7\\htdocs\\POS LARAVEL TEXVN\\puntodeventacurso\\vendor\\laravel\\framework\\src\\Illuminate\\Foundation\\Console\\Kernel.php(129): Illuminate\\Console\\Application->run(Object(Symfony\\Component\\Console\\Input\\ArgvInput), Object(Symfony\\Component\\Console\\Output\\ConsoleOutput))
#26 D:\\PROGRAMAS\\xampp7\\htdocs\\POS LARAVEL TEXVN\\puntodeventacurso\\artisan(37): Illuminate\\Foundation\\Console\\Kernel->handle(Object(Symfony\\Component\\Console\\Input\\ArgvInput), Object(Symfony\\Component\\Console\\Output\\ConsoleOutput))
#27 {main}
"} 
[2022-12-07 19:09:41] local.ERROR: Call to a member function default() on array {"exception":"[object] (Error(code: 0): Call to a member function default() on array at D:\\PROGRAMAS\\xampp7\\htdocs\\POS LARAVEL TEXVN\\puntodeventacurso\\database\\migrations\\2022_12_07_154851_create_products_table.php:18)
[stacktrace]
#0 D:\\PROGRAMAS\\xampp7\\htdocs\\POS LARAVEL TEXVN\\puntodeventacurso\\vendor\\laravel\\framework\\src\\Illuminate\\Database\\Schema\\Builder.php(166): CreateProductsTable->{closure}(Object(Illuminate\\Database\\Schema\\Blueprint))
#1 D:\\PROGRAMAS\\xampp7\\htdocs\\POS LARAVEL TEXVN\\puntodeventacurso\\vendor\\laravel\\framework\\src\\Illuminate\\Support\\helpers.php(433): Illuminate\\Database\\Schema\\Builder->Illuminate\\Database\\Schema\\{closure}(Object(Illuminate\\Database\\Schema\\Blueprint))
#2 D:\\PROGRAMAS\\xampp7\\htdocs\\POS LARAVEL TEXVN\\puntodeventacurso\\vendor\\laravel\\framework\\src\\Illuminate\\Database\\Schema\\Builder.php(167): tap(Object(Illuminate\\Database\\Schema\\Blueprint), Object(Closure))
#3 D:\\PROGRAMAS\\xampp7\\htdocs\\POS LARAVEL TEXVN\\puntodeventacurso\\vendor\\laravel\\framework\\src\\Illuminate\\Support\\Facades\\Facade.php(261): Illuminate\\Database\\Schema\\Builder->create('products', Object(Closure))
#4 D:\\PROGRAMAS\\xampp7\\htdocs\\POS LARAVEL TEXVN\\puntodeventacurso\\database\\migrations\\2022_12_07_154851_create_products_table.php(24): Illuminate\\Support\\Facades\\Facade::__callStatic('create', Array)
#5 D:\\PROGRAMAS\\xampp7\\htdocs\\POS LARAVEL TEXVN\\puntodeventacurso\\vendor\\laravel\\framework\\src\\Illuminate\\Database\\Migrations\\Migrator.php(392): CreateProductsTable->up()
#6 D:\\PROGRAMAS\\xampp7\\htdocs\\POS LARAVEL TEXVN\\puntodeventacurso\\vendor\\laravel\\framework\\src\\Illuminate\\Database\\Migrations\\Migrator.php(401): Illuminate\\Database\\Migrations\\Migrator->Illuminate\\Database\\Migrations\\{closure}()
#7 D:\\PROGRAMAS\\xampp7\\htdocs\\POS LARAVEL TEXVN\\puntodeventacurso\\vendor\\laravel\\framework\\src\\Illuminate\\Database\\Migrations\\Migrator.php(200): Illuminate\\Database\\Migrations\\Migrator->runMigration(Object(CreateProductsTable), 'up')
#8 D:\\PROGRAMAS\\xampp7\\htdocs\\POS LARAVEL TEXVN\\puntodeventacurso\\vendor\\laravel\\framework\\src\\Illuminate\\Database\\Migrations\\Migrator.php(165): Illuminate\\Database\\Migrations\\Migrator->runUp('D:\\\\PROGRAMAS\\\\xa...', 3, false)
#9 D:\\PROGRAMAS\\xampp7\\htdocs\\POS LARAVEL TEXVN\\puntodeventacurso\\vendor\\laravel\\framework\\src\\Illuminate\\Database\\Migrations\\Migrator.php(110): Illuminate\\Database\\Migrations\\Migrator->runPending(Array, Array)
#10 D:\\PROGRAMAS\\xampp7\\htdocs\\POS LARAVEL TEXVN\\puntodeventacurso\\vendor\\laravel\\framework\\src\\Illuminate\\Database\\Console\\Migrations\\MigrateCommand.php(72): Illuminate\\Database\\Migrations\\Migrator->run(Array, Array)
#11 D:\\PROGRAMAS\\xampp7\\htdocs\\POS LARAVEL TEXVN\\puntodeventacurso\\vendor\\laravel\\framework\\src\\Illuminate\\Database\\Migrations\\Migrator.php(541): Illuminate\\Database\\Console\\Migrations\\MigrateCommand->Illuminate\\Database\\Console\\Migrations\\{closure}()
#12 D:\\PROGRAMAS\\xampp7\\htdocs\\POS LARAVEL TEXVN\\puntodeventacurso\\vendor\\laravel\\framework\\src\\Illuminate\\Database\\Console\\Migrations\\MigrateCommand.php(81): Illuminate\\Database\\Migrations\\Migrator->usingConnection(NULL, Object(Closure))
#13 D:\\PROGRAMAS\\xampp7\\htdocs\\POS LARAVEL TEXVN\\puntodeventacurso\\vendor\\laravel\\framework\\src\\Illuminate\\Container\\BoundMethod.php(36): Illuminate\\Database\\Console\\Migrations\\MigrateCommand->handle()
#14 D:\\PROGRAMAS\\xampp7\\htdocs\\POS LARAVEL TEXVN\\puntodeventacurso\\vendor\\laravel\\framework\\src\\Illuminate\\Container\\Util.php(37): Illuminate\\Container\\BoundMethod::Illuminate\\Container\\{closure}()
#15 D:\\PROGRAMAS\\xampp7\\htdocs\\POS LARAVEL TEXVN\\puntodeventacurso\\vendor\\laravel\\framework\\src\\Illuminate\\Container\\BoundMethod.php(93): Illuminate\\Container\\Util::unwrapIfClosure(Object(Closure))
#16 D:\\PROGRAMAS\\xampp7\\htdocs\\POS LARAVEL TEXVN\\puntodeventacurso\\vendor\\laravel\\framework\\src\\Illuminate\\Container\\BoundMethod.php(37): Illuminate\\Container\\BoundMethod::callBoundMethod(Object(Illuminate\\Foundation\\Application), Array, Object(Closure))
#17 D:\\PROGRAMAS\\xampp7\\htdocs\\POS LARAVEL TEXVN\\puntodeventacurso\\vendor\\laravel\\framework\\src\\Illuminate\\Container\\Container.php(596): Illuminate\\Container\\BoundMethod::call(Object(Illuminate\\Foundation\\Application), Array, Array, NULL)
#18 D:\\PROGRAMAS\\xampp7\\htdocs\\POS LARAVEL TEXVN\\puntodeventacurso\\vendor\\laravel\\framework\\src\\Illuminate\\Console\\Command.php(134): Illuminate\\Container\\Container->call(Array)
#19 D:\\PROGRAMAS\\xampp7\\htdocs\\POS LARAVEL TEXVN\\puntodeventacurso\\vendor\\symfony\\console\\Command\\Command.php(298): Illuminate\\Console\\Command->execute(Object(Symfony\\Component\\Console\\Input\\ArgvInput), Object(Illuminate\\Console\\OutputStyle))
#20 D:\\PROGRAMAS\\xampp7\\htdocs\\POS LARAVEL TEXVN\\puntodeventacurso\\vendor\\laravel\\framework\\src\\Illuminate\\Console\\Command.php(121): Symfony\\Component\\Console\\Command\\Command->run(Object(Symfony\\Component\\Console\\Input\\ArgvInput), Object(Illuminate\\Console\\OutputStyle))
#21 D:\\PROGRAMAS\\xampp7\\htdocs\\POS LARAVEL TEXVN\\puntodeventacurso\\vendor\\symfony\\console\\Application.php(1040): Illuminate\\Console\\Command->run(Object(Symfony\\Component\\Console\\Input\\ArgvInput), Object(Symfony\\Component\\Console\\Output\\ConsoleOutput))
#22 D:\\PROGRAMAS\\xampp7\\htdocs\\POS LARAVEL TEXVN\\puntodeventacurso\\vendor\\symfony\\console\\Application.php(301): Symfony\\Component\\Console\\Application->doRunCommand(Object(Illuminate\\Database\\Console\\Migrations\\MigrateCommand), Object(Symfony\\Component\\Console\\Input\\ArgvInput), Object(Symfony\\Component\\Console\\Output\\ConsoleOutput))
#23 D:\\PROGRAMAS\\xampp7\\htdocs\\POS LARAVEL TEXVN\\puntodeventacurso\\vendor\\symfony\\console\\Application.php(171): Symfony\\Component\\Console\\Application->doRun(Object(Symfony\\Component\\Console\\Input\\ArgvInput), Object(Symfony\\Component\\Console\\Output\\ConsoleOutput))
#24 D:\\PROGRAMAS\\xampp7\\htdocs\\POS LARAVEL TEXVN\\puntodeventacurso\\vendor\\laravel\\framework\\src\\Illuminate\\Console\\Application.php(93): Symfony\\Component\\Console\\Application->run(Object(Symfony\\Component\\Console\\Input\\ArgvInput), Object(Symfony\\Component\\Console\\Output\\ConsoleOutput))
#25 D:\\PROGRAMAS\\xampp7\\htdocs\\POS LARAVEL TEXVN\\puntodeventacurso\\vendor\\laravel\\framework\\src\\Illuminate\\Foundation\\Console\\Kernel.php(129): Illuminate\\Console\\Application->run(Object(Symfony\\Component\\Console\\Input\\ArgvInput), Object(Symfony\\Component\\Console\\Output\\ConsoleOutput))
#26 D:\\PROGRAMAS\\xampp7\\htdocs\\POS LARAVEL TEXVN\\puntodeventacurso\\artisan(37): Illuminate\\Foundation\\Console\\Kernel->handle(Object(Symfony\\Component\\Console\\Input\\ArgvInput), Object(Symfony\\Component\\Console\\Output\\ConsoleOutput))
#27 {main}
"} 
[2022-12-07 19:11:06] local.ERROR: Call to a member function default() on array {"exception":"[object] (Error(code: 0): Call to a member function default() on array at D:\\PROGRAMAS\\xampp7\\htdocs\\POS LARAVEL TEXVN\\puntodeventacurso\\database\\migrations\\2022_12_07_154851_create_products_table.php:18)
[stacktrace]
#0 D:\\PROGRAMAS\\xampp7\\htdocs\\POS LARAVEL TEXVN\\puntodeventacurso\\vendor\\laravel\\framework\\src\\Illuminate\\Database\\Schema\\Builder.php(166): CreateProductsTable->{closure}(Object(Illuminate\\Database\\Schema\\Blueprint))
#1 D:\\PROGRAMAS\\xampp7\\htdocs\\POS LARAVEL TEXVN\\puntodeventacurso\\vendor\\laravel\\framework\\src\\Illuminate\\Support\\helpers.php(433): Illuminate\\Database\\Schema\\Builder->Illuminate\\Database\\Schema\\{closure}(Object(Illuminate\\Database\\Schema\\Blueprint))
#2 D:\\PROGRAMAS\\xampp7\\htdocs\\POS LARAVEL TEXVN\\puntodeventacurso\\vendor\\laravel\\framework\\src\\Illuminate\\Database\\Schema\\Builder.php(167): tap(Object(Illuminate\\Database\\Schema\\Blueprint), Object(Closure))
#3 D:\\PROGRAMAS\\xampp7\\htdocs\\POS LARAVEL TEXVN\\puntodeventacurso\\vendor\\laravel\\framework\\src\\Illuminate\\Support\\Facades\\Facade.php(261): Illuminate\\Database\\Schema\\Builder->create('products', Object(Closure))
#4 D:\\PROGRAMAS\\xampp7\\htdocs\\POS LARAVEL TEXVN\\puntodeventacurso\\database\\migrations\\2022_12_07_154851_create_products_table.php(24): Illuminate\\Support\\Facades\\Facade::__callStatic('create', Array)
#5 D:\\PROGRAMAS\\xampp7\\htdocs\\POS LARAVEL TEXVN\\puntodeventacurso\\vendor\\laravel\\framework\\src\\Illuminate\\Database\\Migrations\\Migrator.php(392): CreateProductsTable->up()
#6 D:\\PROGRAMAS\\xampp7\\htdocs\\POS LARAVEL TEXVN\\puntodeventacurso\\vendor\\laravel\\framework\\src\\Illuminate\\Database\\Migrations\\Migrator.php(401): Illuminate\\Database\\Migrations\\Migrator->Illuminate\\Database\\Migrations\\{closure}()
#7 D:\\PROGRAMAS\\xampp7\\htdocs\\POS LARAVEL TEXVN\\puntodeventacurso\\vendor\\laravel\\framework\\src\\Illuminate\\Database\\Migrations\\Migrator.php(200): Illuminate\\Database\\Migrations\\Migrator->runMigration(Object(CreateProductsTable), 'up')
#8 D:\\PROGRAMAS\\xampp7\\htdocs\\POS LARAVEL TEXVN\\puntodeventacurso\\vendor\\laravel\\framework\\src\\Illuminate\\Database\\Migrations\\Migrator.php(165): Illuminate\\Database\\Migrations\\Migrator->runUp('D:\\\\PROGRAMAS\\\\xa...', 3, false)
#9 D:\\PROGRAMAS\\xampp7\\htdocs\\POS LARAVEL TEXVN\\puntodeventacurso\\vendor\\laravel\\framework\\src\\Illuminate\\Database\\Migrations\\Migrator.php(110): Illuminate\\Database\\Migrations\\Migrator->runPending(Array, Array)
#10 D:\\PROGRAMAS\\xampp7\\htdocs\\POS LARAVEL TEXVN\\puntodeventacurso\\vendor\\laravel\\framework\\src\\Illuminate\\Database\\Console\\Migrations\\MigrateCommand.php(72): Illuminate\\Database\\Migrations\\Migrator->run(Array, Array)
#11 D:\\PROGRAMAS\\xampp7\\htdocs\\POS LARAVEL TEXVN\\puntodeventacurso\\vendor\\laravel\\framework\\src\\Illuminate\\Database\\Migrations\\Migrator.php(541): Illuminate\\Database\\Console\\Migrations\\MigrateCommand->Illuminate\\Database\\Console\\Migrations\\{closure}()
#12 D:\\PROGRAMAS\\xampp7\\htdocs\\POS LARAVEL TEXVN\\puntodeventacurso\\vendor\\laravel\\framework\\src\\Illuminate\\Database\\Console\\Migrations\\MigrateCommand.php(81): Illuminate\\Database\\Migrations\\Migrator->usingConnection(NULL, Object(Closure))
#13 D:\\PROGRAMAS\\xampp7\\htdocs\\POS LARAVEL TEXVN\\puntodeventacurso\\vendor\\laravel\\framework\\src\\Illuminate\\Container\\BoundMethod.php(36): Illuminate\\Database\\Console\\Migrations\\MigrateCommand->handle()
#14 D:\\PROGRAMAS\\xampp7\\htdocs\\POS LARAVEL TEXVN\\puntodeventacurso\\vendor\\laravel\\framework\\src\\Illuminate\\Container\\Util.php(37): Illuminate\\Container\\BoundMethod::Illuminate\\Container\\{closure}()
#15 D:\\PROGRAMAS\\xampp7\\htdocs\\POS LARAVEL TEXVN\\puntodeventacurso\\vendor\\laravel\\framework\\src\\Illuminate\\Container\\BoundMethod.php(93): Illuminate\\Container\\Util::unwrapIfClosure(Object(Closure))
#16 D:\\PROGRAMAS\\xampp7\\htdocs\\POS LARAVEL TEXVN\\puntodeventacurso\\vendor\\laravel\\framework\\src\\Illuminate\\Container\\BoundMethod.php(37): Illuminate\\Container\\BoundMethod::callBoundMethod(Object(Illuminate\\Foundation\\Application), Array, Object(Closure))
#17 D:\\PROGRAMAS\\xampp7\\htdocs\\POS LARAVEL TEXVN\\puntodeventacurso\\vendor\\laravel\\framework\\src\\Illuminate\\Container\\Container.php(596): Illuminate\\Container\\BoundMethod::call(Object(Illuminate\\Foundation\\Application), Array, Array, NULL)
#18 D:\\PROGRAMAS\\xampp7\\htdocs\\POS LARAVEL TEXVN\\puntodeventacurso\\vendor\\laravel\\framework\\src\\Illuminate\\Console\\Command.php(134): Illuminate\\Container\\Container->call(Array)
#19 D:\\PROGRAMAS\\xampp7\\htdocs\\POS LARAVEL TEXVN\\puntodeventacurso\\vendor\\symfony\\console\\Command\\Command.php(298): Illuminate\\Console\\Command->execute(Object(Symfony\\Component\\Console\\Input\\ArgvInput), Object(Illuminate\\Console\\OutputStyle))
#20 D:\\PROGRAMAS\\xampp7\\htdocs\\POS LARAVEL TEXVN\\puntodeventacurso\\vendor\\laravel\\framework\\src\\Illuminate\\Console\\Command.php(121): Symfony\\Component\\Console\\Command\\Command->run(Object(Symfony\\Component\\Console\\Input\\ArgvInput), Object(Illuminate\\Console\\OutputStyle))
#21 D:\\PROGRAMAS\\xampp7\\htdocs\\POS LARAVEL TEXVN\\puntodeventacurso\\vendor\\symfony\\console\\Application.php(1040): Illuminate\\Console\\Command->run(Object(Symfony\\Component\\Console\\Input\\ArgvInput), Object(Symfony\\Component\\Console\\Output\\ConsoleOutput))
#22 D:\\PROGRAMAS\\xampp7\\htdocs\\POS LARAVEL TEXVN\\puntodeventacurso\\vendor\\symfony\\console\\Application.php(301): Symfony\\Component\\Console\\Application->doRunCommand(Object(Illuminate\\Database\\Console\\Migrations\\MigrateCommand), Object(Symfony\\Component\\Console\\Input\\ArgvInput), Object(Symfony\\Component\\Console\\Output\\ConsoleOutput))
#23 D:\\PROGRAMAS\\xampp7\\htdocs\\POS LARAVEL TEXVN\\puntodeventacurso\\vendor\\symfony\\console\\Application.php(171): Symfony\\Component\\Console\\Application->doRun(Object(Symfony\\Component\\Console\\Input\\ArgvInput), Object(Symfony\\Component\\Console\\Output\\ConsoleOutput))
#24 D:\\PROGRAMAS\\xampp7\\htdocs\\POS LARAVEL TEXVN\\puntodeventacurso\\vendor\\laravel\\framework\\src\\Illuminate\\Console\\Application.php(93): Symfony\\Component\\Console\\Application->run(Object(Symfony\\Component\\Console\\Input\\ArgvInput), Object(Symfony\\Component\\Console\\Output\\ConsoleOutput))
#25 D:\\PROGRAMAS\\xampp7\\htdocs\\POS LARAVEL TEXVN\\puntodeventacurso\\vendor\\laravel\\framework\\src\\Illuminate\\Foundation\\Console\\Kernel.php(129): Illuminate\\Console\\Application->run(Object(Symfony\\Component\\Console\\Input\\ArgvInput), Object(Symfony\\Component\\Console\\Output\\ConsoleOutput))
#26 D:\\PROGRAMAS\\xampp7\\htdocs\\POS LARAVEL TEXVN\\puntodeventacurso\\artisan(37): Illuminate\\Foundation\\Console\\Kernel->handle(Object(Symfony\\Component\\Console\\Input\\ArgvInput), Object(Symfony\\Component\\Console\\Output\\ConsoleOutput))
#27 {main}
"} 
[2022-12-07 19:13:17] local.ERROR: Call to undefined function on() {"exception":"[object] (Error(code: 0): Call to undefined function on() at D:\\PROGRAMAS\\xampp7\\htdocs\\POS LARAVEL TEXVN\\puntodeventacurso\\database\\migrations\\2022_12_07_154851_create_products_table.php:20)
[stacktrace]
#0 D:\\PROGRAMAS\\xampp7\\htdocs\\POS LARAVEL TEXVN\\puntodeventacurso\\vendor\\laravel\\framework\\src\\Illuminate\\Database\\Schema\\Builder.php(166): CreateProductsTable->{closure}(Object(Illuminate\\Database\\Schema\\Blueprint))
#1 D:\\PROGRAMAS\\xampp7\\htdocs\\POS LARAVEL TEXVN\\puntodeventacurso\\vendor\\laravel\\framework\\src\\Illuminate\\Support\\helpers.php(433): Illuminate\\Database\\Schema\\Builder->Illuminate\\Database\\Schema\\{closure}(Object(Illuminate\\Database\\Schema\\Blueprint))
#2 D:\\PROGRAMAS\\xampp7\\htdocs\\POS LARAVEL TEXVN\\puntodeventacurso\\vendor\\laravel\\framework\\src\\Illuminate\\Database\\Schema\\Builder.php(167): tap(Object(Illuminate\\Database\\Schema\\Blueprint), Object(Closure))
#3 D:\\PROGRAMAS\\xampp7\\htdocs\\POS LARAVEL TEXVN\\puntodeventacurso\\vendor\\laravel\\framework\\src\\Illuminate\\Support\\Facades\\Facade.php(261): Illuminate\\Database\\Schema\\Builder->create('products', Object(Closure))
#4 D:\\PROGRAMAS\\xampp7\\htdocs\\POS LARAVEL TEXVN\\puntodeventacurso\\database\\migrations\\2022_12_07_154851_create_products_table.php(24): Illuminate\\Support\\Facades\\Facade::__callStatic('create', Array)
#5 D:\\PROGRAMAS\\xampp7\\htdocs\\POS LARAVEL TEXVN\\puntodeventacurso\\vendor\\laravel\\framework\\src\\Illuminate\\Database\\Migrations\\Migrator.php(392): CreateProductsTable->up()
#6 D:\\PROGRAMAS\\xampp7\\htdocs\\POS LARAVEL TEXVN\\puntodeventacurso\\vendor\\laravel\\framework\\src\\Illuminate\\Database\\Migrations\\Migrator.php(401): Illuminate\\Database\\Migrations\\Migrator->Illuminate\\Database\\Migrations\\{closure}()
#7 D:\\PROGRAMAS\\xampp7\\htdocs\\POS LARAVEL TEXVN\\puntodeventacurso\\vendor\\laravel\\framework\\src\\Illuminate\\Database\\Migrations\\Migrator.php(200): Illuminate\\Database\\Migrations\\Migrator->runMigration(Object(CreateProductsTable), 'up')
#8 D:\\PROGRAMAS\\xampp7\\htdocs\\POS LARAVEL TEXVN\\puntodeventacurso\\vendor\\laravel\\framework\\src\\Illuminate\\Database\\Migrations\\Migrator.php(165): Illuminate\\Database\\Migrations\\Migrator->runUp('D:\\\\PROGRAMAS\\\\xa...', 3, false)
#9 D:\\PROGRAMAS\\xampp7\\htdocs\\POS LARAVEL TEXVN\\puntodeventacurso\\vendor\\laravel\\framework\\src\\Illuminate\\Database\\Migrations\\Migrator.php(110): Illuminate\\Database\\Migrations\\Migrator->runPending(Array, Array)
#10 D:\\PROGRAMAS\\xampp7\\htdocs\\POS LARAVEL TEXVN\\puntodeventacurso\\vendor\\laravel\\framework\\src\\Illuminate\\Database\\Console\\Migrations\\MigrateCommand.php(72): Illuminate\\Database\\Migrations\\Migrator->run(Array, Array)
#11 D:\\PROGRAMAS\\xampp7\\htdocs\\POS LARAVEL TEXVN\\puntodeventacurso\\vendor\\laravel\\framework\\src\\Illuminate\\Database\\Migrations\\Migrator.php(541): Illuminate\\Database\\Console\\Migrations\\MigrateCommand->Illuminate\\Database\\Console\\Migrations\\{closure}()
#12 D:\\PROGRAMAS\\xampp7\\htdocs\\POS LARAVEL TEXVN\\puntodeventacurso\\vendor\\laravel\\framework\\src\\Illuminate\\Database\\Console\\Migrations\\MigrateCommand.php(81): Illuminate\\Database\\Migrations\\Migrator->usingConnection(NULL, Object(Closure))
#13 D:\\PROGRAMAS\\xampp7\\htdocs\\POS LARAVEL TEXVN\\puntodeventacurso\\vendor\\laravel\\framework\\src\\Illuminate\\Container\\BoundMethod.php(36): Illuminate\\Database\\Console\\Migrations\\MigrateCommand->handle()
#14 D:\\PROGRAMAS\\xampp7\\htdocs\\POS LARAVEL TEXVN\\puntodeventacurso\\vendor\\laravel\\framework\\src\\Illuminate\\Container\\Util.php(37): Illuminate\\Container\\BoundMethod::Illuminate\\Container\\{closure}()
#15 D:\\PROGRAMAS\\xampp7\\htdocs\\POS LARAVEL TEXVN\\puntodeventacurso\\vendor\\laravel\\framework\\src\\Illuminate\\Container\\BoundMethod.php(93): Illuminate\\Container\\Util::unwrapIfClosure(Object(Closure))
#16 D:\\PROGRAMAS\\xampp7\\htdocs\\POS LARAVEL TEXVN\\puntodeventacurso\\vendor\\laravel\\framework\\src\\Illuminate\\Container\\BoundMethod.php(37): Illuminate\\Container\\BoundMethod::callBoundMethod(Object(Illuminate\\Foundation\\Application), Array, Object(Closure))
#17 D:\\PROGRAMAS\\xampp7\\htdocs\\POS LARAVEL TEXVN\\puntodeventacurso\\vendor\\laravel\\framework\\src\\Illuminate\\Container\\Container.php(596): Illuminate\\Container\\BoundMethod::call(Object(Illuminate\\Foundation\\Application), Array, Array, NULL)
#18 D:\\PROGRAMAS\\xampp7\\htdocs\\POS LARAVEL TEXVN\\puntodeventacurso\\vendor\\laravel\\framework\\src\\Illuminate\\Console\\Command.php(134): Illuminate\\Container\\Container->call(Array)
#19 D:\\PROGRAMAS\\xampp7\\htdocs\\POS LARAVEL TEXVN\\puntodeventacurso\\vendor\\symfony\\console\\Command\\Command.php(298): Illuminate\\Console\\Command->execute(Object(Symfony\\Component\\Console\\Input\\ArgvInput), Object(Illuminate\\Console\\OutputStyle))
#20 D:\\PROGRAMAS\\xampp7\\htdocs\\POS LARAVEL TEXVN\\puntodeventacurso\\vendor\\laravel\\framework\\src\\Illuminate\\Console\\Command.php(121): Symfony\\Component\\Console\\Command\\Command->run(Object(Symfony\\Component\\Console\\Input\\ArgvInput), Object(Illuminate\\Console\\OutputStyle))
#21 D:\\PROGRAMAS\\xampp7\\htdocs\\POS LARAVEL TEXVN\\puntodeventacurso\\vendor\\symfony\\console\\Application.php(1040): Illuminate\\Console\\Command->run(Object(Symfony\\Component\\Console\\Input\\ArgvInput), Object(Symfony\\Component\\Console\\Output\\ConsoleOutput))
#22 D:\\PROGRAMAS\\xampp7\\htdocs\\POS LARAVEL TEXVN\\puntodeventacurso\\vendor\\symfony\\console\\Application.php(301): Symfony\\Component\\Console\\Application->doRunCommand(Object(Illuminate\\Database\\Console\\Migrations\\MigrateCommand), Object(Symfony\\Component\\Console\\Input\\ArgvInput), Object(Symfony\\Component\\Console\\Output\\ConsoleOutput))
#23 D:\\PROGRAMAS\\xampp7\\htdocs\\POS LARAVEL TEXVN\\puntodeventacurso\\vendor\\symfony\\console\\Application.php(171): Symfony\\Component\\Console\\Application->doRun(Object(Symfony\\Component\\Console\\Input\\ArgvInput), Object(Symfony\\Component\\Console\\Output\\ConsoleOutput))
#24 D:\\PROGRAMAS\\xampp7\\htdocs\\POS LARAVEL TEXVN\\puntodeventacurso\\vendor\\laravel\\framework\\src\\Illuminate\\Console\\Application.php(93): Symfony\\Component\\Console\\Application->run(Object(Symfony\\Component\\Console\\Input\\ArgvInput), Object(Symfony\\Component\\Console\\Output\\ConsoleOutput))
#25 D:\\PROGRAMAS\\xampp7\\htdocs\\POS LARAVEL TEXVN\\puntodeventacurso\\vendor\\laravel\\framework\\src\\Illuminate\\Foundation\\Console\\Kernel.php(129): Illuminate\\Console\\Application->run(Object(Symfony\\Component\\Console\\Input\\ArgvInput), Object(Symfony\\Component\\Console\\Output\\ConsoleOutput))
#26 D:\\PROGRAMAS\\xampp7\\htdocs\\POS LARAVEL TEXVN\\puntodeventacurso\\artisan(37): Illuminate\\Foundation\\Console\\Kernel->handle(Object(Symfony\\Component\\Console\\Input\\ArgvInput), Object(Symfony\\Component\\Console\\Output\\ConsoleOutput))
#27 {main}
"} 
